21 3156 1111 6752 6946 5523 5240 4698 2882 1687 2303 4845 8857 5681 7592 8014 9877 5754 8663 1147 2604 8321
20 303 7134 6541 9038 1453 382 7631 4857 2285 1539 5483 2295 4144 2994 9006 1351 6118 2864 56 4192
25 4839 3051 3270 8629 7120 7874 3798 6638 3053 1455 5567 3454 5537 442 4529 4470 8621 8871 9356 1670 1096 4427 7978 8468 5592
27 4094 9559 3167 9679 6392 355 728 6597 5375 5674 126 152 7761 5706 4748 8390 6683 7819 3183 7607 8696 5956 9958 1161 1760 6690 587
13 5497 4948 1771 477 2412 3888 8822 8525 9998 2027 6481 7054 764
24 1335 284 3138 6615 9191 3461 8296 8237 3101 3547 6081 1498 4890 1461 4625 6325 9500 2970 9746 3400 8701 7138 5266 797
11 445 753 7135 5816 1330 7716 8096 3019 8451 3464 9196
20 3580 6639 7792 9981 65 9694 9026 6009 7508 5614 7037 2124 2646 5624 6525 5146 1152 9674 504 7201
16 8703 7040 718 9286 2910 8272 2717 1143 5155 5938 5209 6105 4620 2347 7238 3431
20 1138 1565 9109 8534 1783 3946 6030 7661 2680 9612 3061 8679 9342 2707 6432 8183 6086 6955 8499 1120
21 4059 1773 9617 8816 2390 6833 8214 1955 5167 4523 1182 6861 359 9028 1675 1818 9905 1292 9580 3804 2579
10 1992 4255 9180 4937 3451 3647 9269 6895 2361 9794
24 4377 6536 9133 3623 982 7645 4246 8993 2835 9462 9420 3211 2052 4096 1069 9445 4313 9381 8743 5617 110 652 8683 495
23 2949 159 5012 9273 8984 2304 6474 1281 5692 290 8720 1541 7461 3895 5966 2527 1926 5223 5768 5773 5607 8887 1898
26 606 5335 4536 5628 3859 6587 7823 2898 6900 7236 8796 1668 4452 2526 3421 3496 8252 1075 6369 6075 2678 1797 1969 4457 6701 9350
22 3444 417 6836 5783 5907 9920 3052 2958 5525 3776 2947 6336 339 1241 5843 3759 5796 9057 7530 8517 2358 1972
19 7318 5887 7263 7535 9823 5472 9449 2025 334 5487 2317 2043 7454 5917 6147 5834 7725 4425 2750
19 7429 8167 1220 4282 196 6200 9554 7205 9962 4433 2668 875 7942 9021 3882 4456 6611 4971 2049
21 8292 6244 8644 4002 7208 1592 282 639 1037 3494 4155 309 1162 4166 6668 9218 4463 3192 8859 7382 6869
22 4435 9744 3885 6550 9800 680 4805 6620 1839 2368 3803 6429 5337 6640 919 1334 2598 3268 7517 5774 1092 270
20 8630 7188 3066 2240 8420 6642 8682 8597 8760 9948 3231 7108 3308 9379 5869 5319 8626 4553 8089 3820
10 9084 8412 4104 8670 2325 1025 1544 7034 7744 7175
21 8518 6202 772 2967 7381 8073 5054 991 2254 3354 2803 7729 9634 1071 7671 8240 1497 5923 2976 4923 8163
19 5018 6851 8213 2015 9321 9247 3738 4407 8074 2416 1171 7071 6183 528 4287 8141 4916 2909 9311
24 9888 2651 1406 8996 9729 1353 4879 3699 7662 8209 8928 2756 8961 4565 7018 9385 2302 8985 1621 6468 5737 2629 7268 8972
16 6807 4034 8290 6885 3443 9785 3731 5582 5619 3912 3847 6515 4670 6500 4723 1549
17 9913 6360 1008 7626 5611 5352 1707 6038 8924 2066 8117 8935 8286 7095 8623 3080 6872
12 5299 7451 5193 7602 7325 7910 1763 2943 8398 298 7302 2671
26 1815 1986 4593 8229 7900 7490 1470 5689 5702 7407 6643 6743 8763 3997 2081 2587 9453 895 413 4380 6166 9501 1467 2929 8523 7349
22 9675 4494 9485 9576 3104 5829 8991 6862 7643 7746 6299 1853 2510 5947 7646 9893 1940 1925 9942 3126 5524 8100
22 7952 3468 6884 8257 9779 1392 8798 1045 9709 4092 7698 500 4263 3979 5315 7523 1016 5276 2872 6187 5778 3525
24 2576 6922 5295 7048 6125 4224 3459 1057 9570 2645 7552 7260 1856 235 5496 9353 5725 2739 287 8846 1859 6760 424 5707
12 2296 2384 6378 9029 8140 3868 5667 6535 1074 2595 1987 7281
26 1209 4914 6809 1407 2402 8134 7140 473 6066 5715 6054 839 6763 8416 9368 8544 7745 5993 1631 6406 6386 9008 6107 5806 3505 5461
23 1664 726 550 2118 949 4924 1733 8273 8530 1709 2414 9268 11 8170 6282 3008 9605 1361 8602 3681 371 8044 840
23 3457 2275 8631 6067 4495 7193 6848 9980 6290 9939 8339 7101 7868 4933 8906 71 3011 7520 5741 3002 8084 7597 4614
25 1993 892 992 8376 8225 4068 6920 8785 9930 8314 1365 4330 4903 8922 6094 7462 496 63 9017 3800 8828 637 4769 4212 7842
20 190 6023 380 4602 2954 8820 6567 6272 2173 3116 2808 4322 6097 6106 912 673 197 1379 9577 6702
25 8271 4109 5287 6969 715 3169 5838 8761 561 1469 22 5347 567 3521 9825 5421 6951 2379 1391 189 9427 8043 1195 3087 9887
23 6783 856 1263 3775 2455 5262 4045 6699 2348 6504 7231 6905 5738 1727 589 4382 7213 4950 4513 192 9365 8556 8222
20 6135 3442 9011 1734 7594 5709 1194 4789 4512 8049 5313 1417 5221 7113 9519 1234 3094 7315 1164 3613
25 9020 6718 7129 2686 3615 9141 3710 9160 1628 6283 8228 8672 8471 6820 1253 8794 1719 3706 6374 9984 4422 5677 2469 2772 8789
22 268 6740 6909 751 3845 9023 1198 1647 5862 1629 2837 6254 62 7195 6578 9372 4579 139 5033 8863 3189 8232
18 7293 9137 4661 3655 8840 2338 4499 7394 1436 7679 52 9418 2425 7839 2719 5058 5118 6444
17 5113 1874 4170 9442 6824 9701 9460 6938 7521 5129 1112 4572 460 6553 447 4210 1507
23 6115 3632 2464 403 5014 4555 1355 1861 1218 9012 1168 7564 3404 1477 7330 1780 9529 1183 9797 9560 3098 9747 2953
16 1528 3398 1422 1062 3789 6165 3578 178 6347 6846 8172 8756 7427 8541 1456 2521
19 5192 549 3746 5710 1518 3493 5593 219 8254 4919 8853 4202 1933 2396 5469 8097 3305 6991 3931
24 920 1794 6526 1660 2424 3512 5393 7282 7220 9884 9866 578 6712 2817 1032 2364 684 4464 1893 7821 1259 5505 5149 4315
26 2920 8059 5686 3530 6333 1294 9774 9928 9458 6556 3915 9208 2154 1444 4472 4576 890 9302 3285 5128 6651 9086 8860 7131 9676 7160
24 84 3409 4807 5743 4594 2272 4046 3292 6068 4163 4608 514 1671 6395 2991 3282 1632 6892 2054 201 8082 2258 9971 1574
20 1492 7877 7787 7941 4986 4782 6857 5658 2122 6829 6264 9833 8051 5564 5327 1291 1611 6057 471 2318
11 4379 4088 7013 6704 9293 2003 294 3240 7300 3359 452
20 7640 3176 1560 5847 3621 5210 9395 4173 740 8244 8958 1117 3352 2726 2553 1329 4459 4570 6931 3927
24 677 8586 4585 849 6013 8952 1834 4834 8624 120 3299 1776 37 7532 1814 6619 3260 2915 6796 9010 4479 8185 1136 2704
17 7399 704 6579 1223 2867 8373 9152 202 3230 9426 8457 5643 4976 4448 1952 3302 2890
24 2432 3148 4208 1729 4872 5794 3867 6025 2213 3332 6932 3446 1459 5255 7495 3037 2266 1028 3091 7073 7974 1643 3417 8684
22 5445 6742 7477 6393 5400 2077 618 7278 7440 8334 4587 7455 8562 1918 2832 2004 8565 6528 9961 3301 4735 7539
23 3743 1613 8882 6634 4558 6078 2515 7791 6020 3574 2644 9079 7616 1457 9232 1130 6551 9535 9455 2083 679 1318 5286
10 9698 7956 2418 7689 4519 2911 1303 9527 4606 1663
20 3527 9890 4260 4537 646 1412 8831 3077 2782 9179 1466 3645 9044 5594 5239 4375 1974 3956 2824 3871
23 1305 7253 6473 7172 8447 7513 3124 2613 7298 4804 1169 5080 9053 5088 4131 3744 6891 9041 2701 5591 1928 859 6273
25 7320 6786 8955 5996 7103 5782 459 1024 2281 4970 5124 5411 824 878 670 5231 1977 7033 4856 3165 5833 2011 3684 3287 4178
20 1978 7569 9341 2790 5250 7793 4942 7007 586 1781 7505 9742 3814 434 3661 3071 7981 8409 7577 6667
23 6654 7572 1968 9623 6670 8609 8326 6042 7360 5952 7006 3590 2567 2168 1762 407 6055 3677 6592 5673 8714 5485 6330
18 3988 8642 8243 8737 6877 6356 5279 4117 2330 5962 6552 5553 17 5397 324 9210 6289 480
25 8329 6903 5304 3651 9620 2429 8150 1031 9278 2431 5027 8695 1450 5511 3763 5168 3815 8604 1753 3150 5204 3844 9323 8613 3517
24 769 8158 4895 5902 1838 8505 3123 3765 8268 137 4137 1945 3813 1737 8065 9688 5447 3003 4997 654 5494 5270 1881 4393
26 2106 615 9820 7901 7580 7203 3566 8830 9335 7627 2236 2633 2611 8494 3962 6346 4773 9222 3628 5740 974 6968 4316 136 7979 757
24 6456 617 8328 4031 6484 2652 9722 5008 275 5929 9080 524 4727 9582 4616 8577 6728 6501 642 6088 6847 5157 7 4348
19 6901 6188 7255 1276 9116 908 7860 8127 2580 4822 3438 6679 4715 2685 3303 16 5148 7824 1704
25 1438 568 3735 2082 4583 2315 9070 1840 7417 6777 2640 3082 2041 217 7425 2473 9672 7396 8867 6391 8647 5936 7702 1740 4474
25 7070 1079 6965 7840 7763 4854 4489 7610 7726 8916 678 4164 9870 989 5984 6240 7449 7262 6157 2195 9494 132 936 4922 4277
23 3253 553 7456 3044 7614 2174 9205 5503 8995 2374 5824 6385 1368 9161 3118 5100 7240 3548 1812 9745 5942 6445 2223
22 700 8566 9817 5256 2969 7830 2938 7962 9237 9234 6389 215 5297 5278 1464 1184 999 6236 9826 171 257 9967
13 3607 3585 2385 1192 668 3592 8344 6998 1517 9814 7863 1938 1540
9 9393 1908 4063 8227 7369 436 2456 4510 7024
16 1178 4099 6131 3213 9093 2239 4187 2574 1608 6949 4182 4222 2827 8322 4350 6626
27 945 4502 9134 6133 5998 2663 1700 5351 6930 9410 1746 6179 1711 3828 4371 8496 2452 6178 5165 5288 3460 2833 2727 6401 1462 9555 5269
21 3471 4958 5602 4756 494 4940 2649 6669 5729 5627 8963 3599 6309 6472 9848 7544 4660 9239 8352 9131 3886
24 4885 502 9761 2975 3666 9897 1201 272 3657 9130 5534 1053 8360 696 5114 3582 9946 1070 1289 9767 8130 2728 7828 2868
23 1315 6026 5218 444 739 3160 338 7316 5366 3007 5134 4870 3841 8297 5484 8248 1975 8500 5820 3283 6266 8508 3440
20 8149 3090 4653 66 8854 918 1252 8101 1741 2246 1695 4398 3982 404 7644 574 3529 4333 3719 4554
25 1543 8157 241 8444 3326 292 5803 199 5238 658 2913 7091 8872 7935 3137 9748 8067 577 8655 8092 8729 185 3853 1095 1080
24 5424 3739 9406 1271 7873 2937 3648 8426 8143 4979 2076 8121 9945 1770 6134 1197 6646 1836 8380 6310 4808 6819 7566 5144
24 7475 9707 4724 4788 5112 6850 7389 9103 1999 924 6736 9872 7067 2572 8651 6516 7022 7545 8680 7431 8114 9145 4401 1107
23 6694 9409 4247 846 2467 864 9666 6155 883 7865 105 6636 5097 5448 8537 6720 2974 2460 5924 7591 1701 160 8674
26 1066 3758 761 3779 2829 5990 1387 4784 5976 5219 3416 9902 9153 3182 8504 7887 1535 2459 2801 7886 5062 2545 1846 525 4978 7509
22 4309 3541 4525 146 2180 4938 6898 3999 3130 5656 487 4816 9687 2984 6658 2162 547 9692 7305 4945 7485 361
14 4214 266 4907 7245 2324 4411 7177 4340 1759 8849 4688 1354 5900 124
22 3572 6570 435 4666 674 2319 6811 2684 3919 3361 9728 9594 2466 7908 363 3144 9861 3046 6958 7100 4271 49
23 6110 6502 1620 1833 4167 8401 4821 580 7143 9333 5052 6469 8403 3659 4527 6887 8026 7658 2370 3109 6035 7310 4142
16 9216 511 7576 3669 3708 4217 9440 7798 8317 3217 386 6788 1748 5057 1149 8046
22 6780 1269 9182 6002 5386 7967 3476 4323 7665 1233 3930 8200 8241 2607 9016 1058 3320 7473 5115 8522 7670 9849
24 9544 6101 1430 9613 3583 7579 8601 9060 4560 1690 50 330 4461 1916 1832 3834 2575 4132 4434 4237 9383 2113 6981 9488
19 6794 3875 4863 39 6923 7081 3114 8793 3006 1571 5925 3568 7538 9798 6589 9438 2490 1966 4861
22 9523 9140 7988 5473 7010 9246 6420 3992 7737 3538 5372 9880 1239 3678 4453 7664 861 7514 4859 4267 5339 4650
25 3236 1527 1215 4200 2393 9633 6255 7857 4297 1597 2264 412 2045 2256 7674 4552 6561 6372 8568 6428 5826 6941 4626 5474 1374
18 8024 4017 5712 5212 1949 1496 9837 5622 1715 4899 7125 1554 388 5568 1820 8966 5363 5618
23 9851 5025 2217 7162 6987 5491 2382 1639 9159 8917 2299 3406 1657 7060 3374 3472 6231 5922 5345 3015 6867 5002 3081
25 157 8458 9696 9481 5356 6029 4628 2164 826 5792 4044 8813 9018 4521 5963 2380 584 5330 9340 7345 4134 188 7350 7855 4185
23 9852 4882 9830 164 4652 6159 9790 744 6413 9929 97 3432 3247 2700 5761 6328 1482 9802 9157 5177 5401 6315 5850
26 5744 7116 8445 4792 2893 8768 1967 6730 7633 2547 7648 4336 8016 4106 1463 1649 6174 8536 3587 7785 9862 9936 4904 4215 6112 913
24 7229 3579 5426 4654 8407 4248 3573 682 689 8938 2713 7194 7856 4932 6232 5428 1904 5229 3486 8442 1927 2987 4484 5784
24 222 3786 9705 2108 9595 8945 6662 1402 1264 622 6442 5878 3873 2557 5036 8231 7895 4454 2582 9646 858 1720 9201 966
14 4894 376 7864 5437 8184 7588 1666 3552 5195 9783 3280 2064 1043 2816
17 4833 563 280 8077 4001 1370 9386 6866 2478 5283 8491 2283 9590 4702 7869 8862 3378
25 2356 1630 1745 9151 6814 7266 5380 5579 9629 2401 8779 5552 7212 2542 9665 5105 2743 7279 5104 8264 6281 1581 68 4218 4399
18 8509 9316 4467 8547 4874 6137 8258 186 7875 1960 5739 735 184 3423 3214 522 6448 231
23 88 2060 6186 7548 6173 8953 987 1537 7370 7551 9548 6243 5099 931 2826 8600 8706 28 7386 2734 5117 3576 8423
23 9581 2512 2675 8021 4331 1433 9397 209 8817 6648 2948 2977 5642 809 3506 5572 9741 4963 8234 8162 9558 6890 758
26 3951 1170 921 9738 697 3851 897 9574 1716 9734 8440 4064 318 9602 7254 3045 9924 569 1566 9689 5781 5418 5657 8527 7288 2170
17 8175 7190 6329 1040 7347 3593 6798 5863 7128 4743 3300 3720 2643 8076 6176 8538 954
25 530 854 1109 4888 7515 876 8212 5626 9832 1509 9039 3532 3908 3933 515 9081 7063 6812 6436 1712 5787 1903 3497 5606 9875
23 4184 8310 6327 4913 5860 6451 133 4718 1896 6970 4356 7179 9682 237 8692 5793 4025 2290 5178 8997 6661 1347 632
20 8204 9546 8023 5557 7043 405 4121 5872 3782 723 1742 1946 5338 8256 4176 1877 6555 1127 3902 4041
28 2571 4706 853 8075 902 8207 1873 9632 5684 5451 232 6756 7849 9801 3351 3027 7883 127 9230 4179 2503 9204 2005 4522 781 5935 7820 2427
24 5890 5324 9071 3366 7882 6128 1051 1255 8656 6324 7982 733 7294 7339 1775 7308 6117 243 2391 4498 6779 4752 1085 1446
23 3329 4657 7434 7380 7078 1914 4093 5006 6975 1338 7351 8220 118 1679 8366 6040 7511 53 1049 7297 7518 4926 2257
22 6952 3816 5808 5263 5620 7891 7894 8546 7167 2841 814 2687 7137 5156 7838 3996 331 3766 9717 9818 953 4341
17 2917 830 1994 8062 3475 9710 4944 9228 6963 8821 7613 6049 5912 9168 4631 4473 391
14 6150 3596 6879 3949 4234 7782 4190 6754 829 602 6973 205 9898 8893
25 6656 9411 5967 5237 3054 8007 9195 8560 2248 4658 8583 2854 5041 2732 6681 2183 789 7694 2877 6037 5109 6731 7161 6999 8267
28 6457 24 9291 6537 3393 8368 8800 9988 9496 7014 774 7741 4858 6376 3089 4299 6532 9096 121 1029 2514 5986 1728 6211 4460 2879 421 7185
16 4679 8179 9630 6001 154 5343 6554 6091 509 2435 9502 6773 9423 9431 5499 1708
25 4414 2357 1550 7246 8434 8876 2171 5243 2501 5559 9498 6169 6277 5103 2328 8469 5488 2440 8144 5290 1026 6070 5368 1570 4961
25 6044 8979 6098 9031 7701 1324 6503 9167 4159 3842 4007 6883 8687 4827 2761 1583 9695 4168 8145 2189 4928 4692 269 2249 9716
16 3333 1386 5746 8965 8659 9991 4547 5081 6454 3674 9908 9755 570 4079 1093 7851
18 585 6220 439 3147 7312 7536 3022 5038 3152 9155 99 1782 9528 9434 8295 2097 6723 3456
22 9935 9450 5920 9912 5009 6000 3625 1132 5031 9969 7028 5106 2642 1331 2923 2789 5365 4229 9189 5322 2847 242
13 8578 1685 9867 7914 946 9844 767 3935 6791 4610 8592 2550 6505
16 8382 8792 6967 9641 4318 9328 7321 2777 7778 7466 233 1278 7165 8405 5819 4662
24 1635 9325 1257 3477 9735 2320 3879 8189 9392 4850 6043 8584 5763 2945 5422 2849 1669 4551 6144 2855 3415 759 7615 8925
22 9401 5601 300 6409 8194 8551 5954 4777 1352 4892 4244 8531 9163 5267 819 4152 6287 834 7596 3448 1576 3897
10 9305 2869 8529 7468 3906 7385 5436 5024 8775 9203
16 7913 1689 3747 3121 9188 6755 3479 7858 9933 5526 9708 9624 960 1238 8839 1375
21 6404 2881 6893 5369 1250 4072 4515 8548 1394 3667 4395 3232 9236 1789 2489 9040 281 8735 4303 7593 1242
25 9768 775 2426 3646 8072 3377 2539 6816 278 8550 1042 1886 6167 1650 1434 5992 6531 8056 9414 2522 3465 1398 472 9756 4778
23 8978 4328 9845 6218 7287 9611 3495 3939 624 7619 4539 3570 6353 2852 2472 9995 3034 3102 9051 312 5490 3256 3322
20 1867 8190 64 1697 3430 3802 4014 8960 2031 5307 5680 6431 7470 7919 1103 9551 7991 4284 3254 4747
16 4665 311 7066 1891 808 5183 7871 9001 9858 6276 8472 9318 8281 1390 8255 6465
24 7928 4713 2661 3721 1721 935 9194 8446 4852 1724 8034 9344 6488 4037 7016 7827 5019 3296 7571 5096 7484 705 8327 3730
21 297 5087 8848 8973 2731 4685 9436 7272 8512 7327 1979 4619 6660 1125 9295 7706 9248 9486 6079 3059 1732
26 3869 6645 691 9778 1443 396 6163 6803 2924 385 8926 9419 7749 7072 8725 9835 2350 8011 2014 113 8495 8354 6496 5302 6545 5416
22 19 5654 8040 2809 6498 6907 7682 2247 6205 1876 5211 695 703 2690 7740 5805 2344 9660 7803 274 8087 6595
24 5510 2999 8664 1564 7843 9297 482 965 4423 4388 7656 9894 7848 3846 4486 9275 5152 4290 8153 2194 3718 3787 3522 5542
24 273 3170 1475 4078 9684 6450 6625 1692 3691 9300 3940 8542 6608 7145 8632 917 6286 6352 8702 9124 4897 5797 5685 2321
24 5358 5060 8379 1637 4532 6896 8266 6548 2745 214 7622 7730 4409 4016 8125 1807 5830 555 9415 3769 2286 3690 1174 573
24 9627 9806 3373 2585 9497 2233 881 4266 1078 173 9556 5309 6974 8115 8819 38 7247 6108 4674 1895 3023 265 1662 144
18 1447 6485 7915 7457 7794 4720 161 6716 1750 3439 9019 1971 9095 6943 5233 9700 8280 3664
27 4437 6199 7837 6739 8791 1142 4147 1041 5163 6874 5323 3701 2311 698 125 1519 9857 1567 5329 6341 3142 7970 2013 1148 1487 395 8532
19 1888 8118 629 8902 6641 9283 2291 6741 2190 3291 1017 123 9957 3896 8206 4564 3520 6351 44
19 9901 6076 649 315 6927 4714 7501 8645 8646 880 6129 2485 2842 238 7144 1890 3872 1001 4203
21 3103 896 210 4481 1489 7799 2525 6366 933 8933 6813 5651 3725 7743 3767 6204 341 291 4364 2494 8036
22 5693 4355 8640 1348 3839 9809 4806 9118 4686 8450 9941 3750 9754 9592 4030 9959 6495 8580 5121 3535 9661 7348
17 6269 8681 4376 9349 3338 4694 9575 8513 7435 2588 5823 4061 9343 1044 5687 5508 5726
28 4637 9464 8346 6523 2270 7666 2395 4125 425 6806 485 1217 3673 1320 8937 2268 7331 4306 9098 4562 8709 5277 2028 1073 5316 3734 566 60
25 9976 8425 3557 671 9543 8277 8591 5188 2665 6422 4623 6800 8437 6359 5911 7062 9598 7529 384 968 9 1476 5142 7202 4908
26 9514 9654 5507 5535 1725 9815 852 7077 4566 6563 8093 1235 5904 1911 6560 2931 7443 4543 3598 2863 6443 7423 5215 8132 7112 2770
23 9412 3112 6399 501 1693 5971 4957 6085 9985 6996 3805 9009 7893 4076 345 5822 6599 5772 7618 5462 559 8641 4545
20 3257 6430 4656 3925 320 7296 2957 5032 4880 7090 2560 9583 4004 7200 5732 9540 8765 1395 7533 8907
16 8351 4194 2605 4546 9238 8827 4520 2667 288 1749 5 7377 1607 6827 1641 6339
15 7249 8758 3466 9816 4135 4634 9456 7651 426 6510 822 6696 1129 3595 3223
25 61 4511 9127 4642 3663 5433 527 9671 8970 4058 742 510 3602 7507 894 7715 4201 1943 6224 8478 9793 7184 1822 1139 9088
21 2519 7186 1227 7191 4843 93 8951 2942 7383 531 5430 765 6926 1124 9979 8224 236 9597 4097 2752 9119
18 8587 3208 7346 6437 4595 3704 5133 2476 4304 7961 8689 7500 4934 3234 5839 778 82 5438
24 6916 8112 92 8309 9702 4293 1831 1963 6722 8835 3843 3221 3973 7635 2044 4073 8476 6343 45 2331 2631 2342 7257 9069
20 7957 5717 506 3793 9284 6713 2857 6882 6298 2793 9366 5145 9491 7055 5509 5429 9656 1909 7044 9759
21 6296 7612 4586 2216 6832 4443 6331 7397 2109 4074 6776 8811 6103 1934 5206 2630 3095 1484 9056 5435 2307
20 2135 7196 3220 6161 4105 2596 521 7927 1165 2834 7921 335 9964 6894 2161 2437 3040 7772 8221 8558
25 3549 9680 1511 5636 7234 6580 6839 3952 865 4764 8291 816 9706 5166 4762 7159 9422 9762 9223 5197 5320 8386 5720 3994 9522
18 3024 8588 9473 6842 5757 4877 5815 7732 863 8719 7411 4102 3419 5247 2226 8083 9932 7617
18 1515 422 6280 1580 6519 7045 4939 3159 8545 6164 9089 2398 4070 5492 1435 8372 108 9309
20 2147 8449 661 6966 4062 9923 9209 6745 8161 1499 2950 1556 5608 4589 5000 5581 4019 7221 2289 1730
25 6765 1441 1862 3807 3205 5417 7912 3799 6268 9886 90 3924 3498 2419 9143 4597 5171 9036 5298 2087 8356 8920 36 393 4305
26 4687 5477 3770 1332 4353 6138 5308 1186 4405 1767 1996 8135 9853 6235 4238 3916 8977 7354 8944 8769 3171 8305 5989 5876 1404 3237
20 7975 3840 7861 3190 9199 4227 5994 4352 2552 1485 1787 3293 6508 6095 1231 5580 9266 2372 8927 4732
22 7553 187 3133 9526 1521 9513 4825 582 2715 967 2407 7926 905 2792 4681 2733 349 736 1901 2389 6676 3286
14 4829 9657 1474 6692 3365 1122 8068 7497 5131 5897 2094 4311 7105 7133
23 2774 8786 3122 3904 8767 2959 7503 3263 1717 2856 7890 8912 8287 2229 9855 793 2282 5940 4126 3304 4402 9531 3048
20 1273 5771 2787 5425 2548 8502 5486 3038 4561 332 358 3177 3508 6225 1468 1793 7801 4680 8202 5078
15 5227 4973 9992 3901 3608 7556 9758 7030 2798 351 5389 4458 1486 8282 9448
26 3025 7690 9262 1193 9847 3317 9950 9804 4369 2861 7021 177 754 1175 6682 9662 9108 7582 77 8393 3876 9659 3728 5119 4145 6693
12 7911 5332 8188 2768 1854 8635 2496 4516 5242 3932 8888 888
25 9691 2536 2738 8892 7876 2791 9000 4645 716 8873 27 6292 379 4107 7107 2095 4391 1099 7560 491 9221 1506 6145 6573 3884
24 9267 7494 8637 3833 4772 1081 2231 6558 1050 6940 2156 701 5694 8807 8164 8649 6072 4974 427 6876 259 6335 1865 4023
24 961 7406 100 8804 3790 5070 2126 498 370 2116 4828 7605 9944 8673 2796 7324 3075 5577 8570 7317 1638 2608 8454 8269
24 3055 3239 6689 2184 7525 7180 365 7009 5844 2892 7534 5016 9435 2769 8969 5795 745 6126 1362 2022 3627 8424 2873 182
13 2531 9121 3269 1167 6449 4791 1440 1490 4230 3609 4339 2625 8594
20 5090 2828 6141 168 3119 5291 4406 5453 2351 7598 5530 2810 7153 5919 1270 6635 5845 4118 9940 7950
25 3017 3622 1326 7808 1005 4396 194 2996 2062 4988 260 8018 2232 3575 5350 725 6854 8037 8045 8381 581 7721 3920 2069 7192
23 7329 1530 1627 5465 15 7064 720 9355 3483 9983 5675 6312 8599 1151 8004 7199 3241 9903 7995 4151 8090 1526 2617
20 5517 2711 1494 9128 141 3740 1424 1012 9636 114 7960 4590 6259 9588 3226 6837 8574 1906 2594 5987
25 9003 3047 5868 3050 9158 3009 572 4291 3717 6326 1756 5042 2688 536 9447 9107 5851 4609 9973 2925 8313 4517 3039 5068 8497
14 7104 823 3105 2930 2377 3773 9187 2241 5983 2775 625 1172 662 3526
24 2788 842 9952 6491 8667 1047 244 104 7392 7353 6719 7637 8930 4503 6705 3900 4505 3178 8845 7216 4188 13 8443 2224
22 4848 3693 5285 4195 1800 2444 3907 7630 7570 6064 2093 8129 1119 3823 6590 650 2378 4032 4265 2219 8126 4817
20 3410 9207 1605 9394 1803 5548 1065 8335 1988 1525 3078 9240 8060 8894 850 2339 2443 932 5011 4488
23 9254 8708 9926 6618 4347 4066 7148 9213 6601 5391 81 6680 4893 1039 4211 4831 5755 952 1126 1616 8168 5683 5410
24 7657 3030 3314 8615 951 2989 1106 8616 1357 5092 659 5140 8136 3794 5079 2215 9780 3960 2995 1991 3093 9773 4909 5456
22 7198 4139 7448 5017 2115 4232 1307 2274 8576 801 4954 8841 1850 8881 6313 1219 4468 7800 4982 9635 4269 2554
22 6412 6924 1272 374 1364 3753 7267 2670 4712 8883 4259 4775 1684 4582 8318 3499 5914 2067 255 5257 2819 3934
22 8736 4346 8555 9035 7846 8799 5208 9382 3108 4279 7502 4930 9183 1163 4478 8111 2533 6140 8931 6691 4728 7242
19 610 5719 2912 6652 1997 1644 7811 3340 3193 7086 8514 3777 167 727 2394 1187 1274 9937 7918
15 7965 956 655 4673 4677 1897 5457 7575 4881 5621 9280 7669 6249 6294 5454
19 400 7816 1102 5172 4344 5958 8283 4043 6089 8348 8721 3392 5153 964 3242 4418 4820 7758 7304
19 5402 3976 2072 9370 9045 3866 2751 1504 1458 6714 8010 8400 7488 1617 985 1648 9214 4273 7264
19 6069 8104 2245 2480 7379 2021 3360 542 634 9982 8353 6109 8436 1957 6627 5207 9220 8941 1202
18 1593 4153 5678 6340 2234 254 9292 6772 1431 4617 1381 6082 4009 4956 5867 7526 5364 747
24 117 4056 5234 9505 3453 6480 8990 5158 2504 862 6802 4400 6572 9113 5028 4809 1229 2721 4581 3551 8452 1205 8137 5111
20 8557 4544 7445 1369 5082 3877 2599 4776 2505 5076 694 7075 8005 6373 6546 9014 9241 8218 1210 2853
21 3371 156 4302 9487 4787 2477 2729 2284 9357 874 1531 4575 2075 3363 5258 4797 1268 3248 4994 9786 5110
22 200 8989 3629 6818 993 4953 2470 2497 4802 7276 9490 5452 5921 5610 2546 4051 4146 2091 2583 6233 9782 6524
18 5205 3245 9619 1256 7931 47 2375 9810 4345 4644 9951 5252 810 959 9200 6959 3346 8648
20 4349 4959 1206 529 8160 1965 1889 6337 7047 6056 7963 9841 891 6195 7717 5489 9271 1380 2196 623
27 6822 9282 7555 1710 6939 3462 9508 2386 7762 2653 5906 6357 4847 4343 3331 3191 771 9856 3018 777 6092 8391 4672 5814 3132 2650 4841
16 4307 211 1553 1319 6863 5691 3502 8109 4780 9562 7336 1279 7084 7151 2030 1905
23 6724 4028 7693 1944 7920 9139 216 8610 2831 817 5502 929 6483 2387 600 5420 7755 6146 7412 3485 3198 304 8349
21 3168 7710 5866 2292 9065 3636 4154 3433 2323 2694 319 5154 1816 6886 9245 3980 1296 2612 401 3140 2363
23 8342 1311 9265 7366 2187 8477 9813 6982 9658 5382 714 2309 4603 449 1590 9047 8836 9873 2870 7359 6358 5676 6632
24 2735 4233 3036 3146 1251 4150 9114 6821 4429 3262 4584 6609 8030 1640 8643 490 9471 9727 33 7932 4149 9384 2133 2038
14 3200 6039 5730 9593 346 2471 2071 5747 5521 6781 7121 3488 6417 1293
21 3005 1557 6698 3334 9968 4699 6425 8590 4947 9889 1561 3756 4629 1656 503 1358 7584 7170 7781 2795 3153
25 6695 9549 8962 8713 7463 4689 6196 6888 9784 8748 8889 7149 1790 508 3437 4342 1405 7866 2619 2101 111 1841 2059 5395 1076
21 4761 3276 2453 1774 5405 8981 5123 8688 4992 43 7638 6727 2561 367 4647 7765 9066 3641 944 7251 6586
24 8699 5089 5766 4873 3249 9712 9475 601 5120 6808 6475 2209 2484 8116 9777 3096 6688 8223 3355 5126 738 9115 5280 5512
18 4080 7994 6746 7209 4703 3862 2089 4636 6602 7587 5116 9539 8415 9346 9371 598 5274 7168
17 8406 6119 91 2399 2982 5442 5464 499 6859 5196 4431 2088 2703 743 4236 6612 479
24 6304 1346 8956 1232 6864 2799 4050 8025 7999 8148 6925 8833 657 2018 5670 2562 4368 8050 7258 4357 4288 3113 2139 4186
22 4225 3605 1835 799 3251 1030 2159 9112 83 612 8181 2341 693 3353 2381 1533 9715 8974 7896 7032 9432 5894
20 1200 9864 5777 7344 2468 8470 6061 4335 5574 6581 9073 5102 3707 1754 5871 3186 3250 3687 6154 2210
17 627 6403 1282 1033 3212 6370 7923 2932 4722 4524 3297 8741 3131 4010 648 3115 2878
16 1372 9869 6132 2297 6605 96 5532 6726 162 6363 5612 4403 2689 9616 6782 1425
24 8146 2559 1735 5695 8042 6168 4111 3199 7769 5679 996 5220 4526 3639 1416 1068 340 3832 4226 5073 2679 441 6487 6934
18 6875 8795 7207 7628 193 7355 979 6459 4915 647 5191 4114 628 4183 9437 2475 1624 4129
18 8133 6182 4969 5213 4869 313 6574 9388 9072 2279 4497 1778 8479 8385 5609 6522 1249 7625
21 3067 208 493 2900 6865 947 7707 249 2104 4123 4535 2674 3309 4514 8031 6447 9162 3835 5253 2905 3711
24 7357 375 9104 5289 893 2601 9022 6529 85 3228 1275 516 2632 6471 9055 8733 588 8771 3597 8387 534 1011 3929 226
18 4742 3188 6805 9751 7109 285 8627 8208 6628 4917 5249 8355 1811 5645 7959 5978 1244 729
25 7993 9166 1010 730 6455 4213 1177 4029 9132 4289 9444 2956 9839 8383 1924 803 6790 5216 7225 4408 5736 2080 6177 6271 4755
23 5440 3196 6843 2181 8869 4113 2250 6122 8094 5394 5632 7285 484 7998 2859 8936 9788 4559 7639 4701 5735 5333 1288
22 9974 3692 2305 2110 9836 9264 3016 4549 7802 6319 4849 5660 5638 2242 3481 3854 5928 9332 9217 7976 6624 9476
22 7585 2511 1101 1113 9171 7929 867 4221 8359 3391 546 1196 8852 6929 2524 1806 5770 3683 958 3390 327 2409
22 1830 4826 4223 9769 6582 2568 1902 6181 2128 2765 4746 6904 9647 7902 7675 2367 2149 8320 8488 1514 5633 6011
13 7141 3068 3029 6677 5201 9881 8413 3358 7424 7624 5964 6400 9568
22 3197 41 9477 5539 5160 6247 6921 1872 456 7562 5827 3163 8812 8875 5759 4860 8058 4067 4993 7083 2255 8196
22 975 1845 1160 3425 2802 4128 2714 1460 1937 512 3829 5765 9506 7130 6320 7439 5546 9148 937 8755 6229 5884
21 6265 8614 2352 8915 6584 6659 886 1860 6245 9896 8549 4800 2483 6801 8394 9174 787 5515 8299 2029 2185
24 8448 8694 138 1752 3772 8715 8020 2635 1791 4921 8493 907 106 9899 5061 4638 5384 7853 4745 7748 3273 2623 868 3698
21 1995 1363 9495 3482 3149 7102 6873 5981 5655 3682 2068 2800 3726 7872 1819 8805 8041 4442 3652 1982 9719
10 4733 9819 8940 6596 3490 683 306 9604 675 7917
22 565 7889 5899 9628 9645 6825 3565 6513 7418 4326 6855 4710 884 5374 5321 791 5671 2024 6568 4506 8837 1575
20 483 4815 832 9362 6571 2383 5584 4372 3474 2682 5864 5260 1298 4235 3389 8858 1786 6065 2785 1658
24 6189 7759 9313 8826 4605 4008 3316 5214 2722 5870 7274 397 838 4482 4571 2532 9492 14 2965 3243 8417 9351 6675 6136
14 6735 8686 8187 7444 1471 5403 3060 2716 4294 8598 4272 7540 4813 4324
23 6547 5663 3584 9631 1345 9033 8009 433 7098 1921 8177 4039 4100 5528 2340 4086 5905 4754 1665 6990 4261 2188 9005
21 2784 3364 1601 3990 3370 7342 9270 3173 1932 8987 3650 2438 7747 2705 2759 4534 9373 8151 6151 811 7696
23 533 6293 711 8261 9640 5184 2198 1224 4878 256 4360 4440 9975 9686 7966 80 798 7659 103 9193 8710 2227 1577
21 6228 5189 3057 7323 2657 7712 2335 8259 7812 326 786 4528 7178 450 1618 6396 416 1614 653 8169 7008
23 6710 166 1777 2260 1046 6021 4990 6908 5050 2495 1145 4613 2584 9367 5199 2753 7703 2517 7388 9307 9615 3128 6193
19 6418 7438 348 4285 6208 8173 223 3395 4012 7728 5556 7541 3195 4413 8678 9521 1953 7426 8507
27 2603 5598 554 3531 8585 98 6566 8620 6008 2762 2602 4798 969 9408 8428 1714 286 3736 350 1915 308 9978 3357 6489 7416 4057 8942
13 271 1384 1970 7464 1098 6180 4148 6397 9446 1824 3447 6685 5588
21 2278 950 8274 8901 6426 35 5941 6734 2084 357 5268 9110 8660 7796 6868 8764 9587 3942 6014 7722 5718
22 2507 2112 7226 1104 8918 8343 1907 1828 4358 1612 5136 1885 2404 7695 4262 2860 2672 885 9059 6317 3255 8778
15 328 8191 9289 6799 5540 1105 5605 3909 5053 7947 4082 8066 6621 4103 1083
23 2934 8728 6784 8801 660 8595 3181 9288 9882 596 3135 7273 8294 7817 3215 87 3272 134 7822 5728 3387 1579 9354
21 2123 7041 1222 2207 415 916 9150 6462 5724 4477 7550 4026 2343 1389 4487 3660 5980 1287 2136 6490 955
16 9996 6216 2919 6729 377 1146 1181 6947 1108 3100 3385 7892 75 3703 3229 1653
20 1609 656 5934 7903 2482 2439 4607 5520 1842 1501 5909 1651 517 2980 2534 7413 5613 7402 5575 3274
25 8484 7243 8462 248 3394 2737 9054 8421 3811 4276 9879 7516 3788 6171 9907 2403 5139 6622 4814 9683 2985 5946 2267 6453 4239
25 2986 7171 3418 5711 2079 1523 1248 7384 2179 5704 1747 5083 1203 3382 9092 6284 3764 6906 6972 3917 619 289 8707 2886 7681
11 3654 1199 1236 6274 5640 9994 1155 3206 4751 3545 2508
23 4935 7554 462 9743 6984 2556 8193 8932 7629 7933 847 6593 4334 5383 4853 6557 7082 5518 4943 6759 5122 4678 8301
23 1313 8102 1309 5306 7870 5700 2129 4682 4219 8650 8312 3368 6785 7797 2708 3610 3315 8608 6979 1419 9369 9638 925
23 2465 3426 802 55 4404 7000 857 5541 2119 279 4278 1237 5733 4639 8032 6440 6421 3290 8 149 4295 7954 1437
22 8559 8085 583 7019 8774 2220 2121 1340 9407 9101 5169 1941 4385 9725 5590 2500 5151 9212 8487 5625 1698 220
18 9757 2941 7709 7595 2415 645 1529 7250 9479 6142 6303 4283 8734 9596 3518 3408 8199 8850
22 6139 9610 6172 2141 9015 5143 353 2039 2702 7210 1761 9322 1260 7340 4466 9142 564 2422 2894 7719 2010 8528
23 1757 3435 5853 4781 6493 9030 7334 4136 1551 6655 2362 7479 387 4824 1188 2906 5217 8975 1337 4896 5930 7720 5275
25 4071 2313 4643 2641 7574 9463 4119 5583 6398 4770 7543 6758 6253 2565 8466 2012 8388 1063 2549 4774 3070 8676 6210 2421 6084
23 6410 3697 2143 7117 7764 5892 4832 293 7867 2033 4985 1875 8524 3953 8245 9091 597 4633 7832 6423 9517 8877 4795
19 6711 57 6237 7224 7150 9100 5317 2461 5181 2891 6344 3509 558 988 6543 7332 7888 8411 5788
22 6913 3203 5377 8038 9457 9963 782 4038 1428 9050 2676 1743 7925 4381 6017 7269 5789 8369 4905 8880 2493 3275
27 7499 3564 9947 5554 8575 7493 741 3463 5769 3174 2710 732 608 8039 4920 9565 6880 227 1094 8533 8732 6852 6899 3670 9389 7723 8607
21 3972 3732 1414 507 4965 3233 7286 4250 9441 3342 3085 5107 7711 7094 2871 6673 752 5623 4160 299 7559
10 8890 9510 5945 815 2063 1739 5846 1654 3959 6918
12 3375 2293 6058 6279 833 8967 6684 5972 2035 3892 7261 58
20 2166 4836 4365 3556 3910 6223 3808 4033 544 7248 9863 5648 8759 4738 9468 4447 1312 1019 3026 8012
17 4020 719 1667 9135 3164 909 4362 1382 7155 1954 8757 7480 3343 5431 430 2103 1403
22 8262 8338 9561 8521 1738 6120 5603 8539 3961 408 1516 9403 2428 6100 9122 429 4254 8829 5767 855 3591 836
12 9805 6607 1500 2235 1676 7636 1532 3321 6881 3671 1360 2090
27 9965 8675 9466 8652 7309 475 8263 8950 552 1702 2960 6446 7971 9337 9655 8668 7939 806 6267 7106 981 4462 5893 6007 1851 6479 748
26 5049 5955 523 713 7984 7341 3685 6977 7958 8438 481 2142 5180 8027 3784 9730 9678 6797 4618 2392 8358 860 4199 9953 1366 1829
26 672 3849 1221 779 463 1634 724 8814 1852 3537 1870 2042 283 9233 3467 2263 3948 3852 1373 8904 7378 8589 2656 5095 7481 5035
15 5282 4090 9002 6815 5161 8298 7807 2662 2451 1922 4684 3563 4075 8554 2334
20 5727 8489 95 5300 7232 5818 3362 3139 6297 8362 1769 7142 2222 866 7419 9169 5342 1894 3484 5449
23 4984 6305 3993 9319 4705 4711 6197 9229 8284 8662 5194 5310 6486 9315 4810 1283 2001 7096 9177 8751 2182 5551 7204
22 8370 7118 4450 9421 4270 7446 9874 4060 130 2971 2111 5228 6234 7940 42 3516 3801 2692 1488 2449 8738 526
24 8832 6160 9452 6538 2972 4696 2206 8617 2979 9043 9175 2205 7510 1985 1520 3219 5965 1678 539 6411 6878 451 9117 8712
27 3603 7704 2639 5901 7654 575 4264 7237 2899 3307 821 9185 8705 4851 2040 8665 7387 6184 145 9516 8270 5750 7604 796 8690 142 6964
22 519 2838 381 6649 6121 461 5040 1796 8510 4624 3154 3136 1342 356 8052 6427 9470 1116 4567 2349 8552 9312
11 3546 7373 8878 122 3967 8498 7420 1785 3336 3356 7437
20 6053 6402 4867 2442 5566 3469 4819 352 5367 6102 4830 2160 2359 4351 7885 788 6318 3943 6230 1089
18 7230 9511 957 7916 5837 9249 5522 4089 3058 6823 5932 6954 8919 7776 1295 2019 8744 1207
16 394 6004 6222 1568 9859 9763 1989 228 6034 5357 9653 7845 9589 3383 2666 3033
20 423 1512 7512 9276 2132 2314 9512 1396 5479 7699 3209 373 1413 3013 3653 1588 4216 1158 1091 9417
25 5856 8128 4207 4664 9586 4209 3083 8099 7277 9299 1508 1917 8108 4960 4975 213 8639 5328 2262 8483 3318 5832 1128 8002 3727
16 4648 6912 4024 7680 2804 6383 8746 882 1401 6697 9518 4837 3981 8165 8336 3412
19 2720 2696 9429 6031 2916 7531 2413 1421 6774 2137 5353 8427 8657 2647 1585 4676 7051 1277 6390
18 5086 2520 4410 9842 4205 9046 7065 3686 7546 4359 9378 7779 4669 8781 3715 1454 7371 980
25 4794 6048 9846 372 6663 2061 3424 4087 5187 4204 8603 5519 4835 6478 116 2636 4480 3258 8307 2400 2050 4998 3180 2073 322
24 768 6379 3989 5748 2513 2771 8750 3748 5880 2712 8593 3963 5200 1388 9621 4627 7841 6666 4598 2157 1014 9413 7404 8091
25 825 3891 1323 9563 6757 5756 8324 4758 7361 9298 3550 6033 9102 1603 2102 4053 7367 9149 8834 7026 4864 7642 4911 6775 6492
22 9625 9087 922 9731 8486 8079 5043 7663 3216 9652 7735 34 1423 468 7775 2699 4312 1059 4927 1522 5918 8345
22 3294 2695 1755 8731 6062 3865 1879 2875 5481 7549 6215 7271 5007 7491 261 179 5185 314 1383 7126 3099 6770
26 119 6575 8198 2107 6201 1534 9263 9972 8903 5835 1371 7498 9416 2065 5482 7046 8983 7774 3379 9772 3452 783 7052 3000 3713 4509
15 9347 2973 1912 1884 8806 1980 9925 1857 5026 153 9170 469 755 2197 3856
23 32 6381 9156 5933 3783 6261 5093 8431 5708 4786 3714 8289 7187 5529 6671 7944 3822 7027 7697 2301 571 3380 3035
20 474 212 5064 3436 2846 457 8745 6251 9400 7578 6270 4389 8886 9812 6841 7806 4737 4977 6458 1622
9 4980 7428 9138 2907 2176 2767 466 140 8777
18 9164 5381 9557 4717 4591 5999 4036 2741 9062 8325 620 7158 2518 5550 6334 4504 7089 7590
24 4112 4842 2681 4327 5881 2366 3092 6771 7197 1513 8691 7949 6452 7542 1034 4253 9534 3056 5800 3581 9007 8461 731 1848
18 7471 7092 8323 7561 3947 3754 7365 6897 1827 7169 8316 5558 8250 7453 9063 8724 7946 4157
21 7557 6971 4115 4767 6633 1415 7650 1920 871 6380 3968 7326 6604 8899 6275 614 5056 3700 8619 2158 973
23 5948 5751 172 175 9364 9838 3986 8843 4801 6116 9724 3429 4730 369 4280 2057 7672 8015 2131 2310 2373 6828 5538
21 7430 2036 2981 2927 2244 2754 5858 2988 6192 1947 3774 9553 4083 7905 9643 317 2127 5458 4771 5175 5179
25 1240 9538 8698 8782 1176 7567 448 2230 4394 997 2016 3266 5005 1578 4415 1265 3201 9900 8911 940 3561 3162 246 556 3626
14 1674 4021 102 6767 560 4981 6321 3155 4946 9697 4731 411 579 4374
23 5668 1189 6476 2327 8239 6983 6213 6414 8410 2558 2990 4370 8511 2037 7897 3810 3348 1321 2749 2120 9308 6354 6623
23 8787 3513 29 3073 3991 2397 9052 2805 1768 2345 6747 8516 9578 4533 7754 30 3554 8017 5703 2354 7303 3369 3413
20 7465 7934 2706 9478 8285 8628 688 9917 1451 7363 4569 6549 276 5066 7280 1036 7074 983 2280 3857
23 9314 8378 2992 633 8506 2885 6989 9651 938 543 5074 5635 5801 8399 5527 1766 5246 915 3235 2823 2683 9977 8802
16 8711 5699 2760 800 8432 7653 1420 7634 8914 6435 2458 5419 9787 9781 2746 1958
23 4910 8868 1480 9192 6762 458 3261 6332 9111 5959 7683 7790 6362 5639 7945 848 9324 7012 6256 1133 7029 9129 3523
27 1465 2316 2742 2020 2952 2748 990 5875 1981 74 5360 4491 8481 676 4902 5810 6083 7547 198 5164 4721 2569 7660 6789 5587 8638 630
17 2783 5649 6751 6856 1310 2778 9125 7076 785 984 4707 3074 5388 4 8392 8540 2130
18 6123 4171 8671 9037 8823 5662 1121 3524 5371 6707 6530 478 344 6028 5560 78 2563 971
25 6239 5516 2140 8485 6672 4274 5913 5565 3210 963 4397 3401 9704 1596 2434 2570 6928 3955 8347 4632 2034 1572 6585 2294 2251
10 8803 6942 6630 2718 2621 7313 1397 5203 9955 8669
22 8435 3958 9090 8520 7080 2626 3278 3905 5650 6006 2146 4912 6071 3194 5722 8754 2978 3977 7469 911 4451 831
24 1503 8302 8464 2928 1655 6345 9224 3450 6565 1604 305 8465 3473 9242 6835 5379 3004 6130 7132 4611 3327 6388 3863 9390
21 6831 7020 4485 2167 9871 409 1598 9075 636 5094 3428 7599 5085 7492 7734 6950 2423 4785 4251 6792 5407
24 2056 9202 3675 9720 9165 6562 7119 5021 6156 3328 813 8954 2306 9083 2757 7447 7852 9428 5378 6986 8455 5318 1788 5399
10 666 7691 4635 877 1154 364 4180 9827 9250 131
18 3616 225 3420 1864 6871 8035 4035 4384 6059 310 3752 115 3062 6617 7973 3898 1156 8308
26 2883 4855 4387 8783 6657 8573 2 9482 6910 7987 1686 827 3553 4449 6733 551 4596 9989 6114 9074 9197 2895 6664 6257 8013 9876
17 497 9345 7211 1723 2074 7770 3489 9225 4989 8081 2944 2744 5786 2946 8197 3010 2032
22 2436 69 1491 4966 9537 4249 7847 183 1672 8105 9027 7924 8408 7099 1317 4999 5475 4257 5506 7244 3455 1691
12 734 1784 599 780 239 7724 8071 7780 3143 1798 7718 8069
23 9306 378 1910 1799 3826 6961 3534 5222 6415 6737 1302 3339 3913 3372 9892 9261 3594 5585 191 5355 5392 2371 9639
26 9078 9626 5713 2006 6647 3974 5957 6407 3938 112 2479 1502 8293 4871 8844 9572 6778 3874 3161 1673 1166 8180 3716 2638 4378 9443
17 8203 1267 9255 9752 3606 3267 6367 1524 1023 8003 7786 9173 3964 2962 1772 9126 6022
25 4693 4228 934 8766 4196 4003 2776 1297 9469 9799 1493 537 6793 453 9320 8851 7299 4574 1964 3695 4612 5170 366 7898 3950
15 3281 1625 3311 7415 3729 887 94 2918 6810 5898 2723 6598 3434 5812 6539
16 109 6252 3295 2901 5132 9375 5004 1308 3634 4444 9105 5413 3923 3344 5696 9690
26 6206 4143 9144 5359 8864 2078 1587 4256 9082 250 6203 7879 520 2850 8749 8742 9584 9285 2446 8242 7127 333 420 1141 9970 9637
21 5235 6024 3414 6198 7647 9681 3970 7668 3141 2178 2780 9828 3689 4084 3306 1214 6588 1683 5644 5543 195
16 7314 513 7398 5799 4048 8855 3796 8459 3145 4373 6787 6394 8404 2144 9399 6278
20 8784 3540 2781 1595 5885 9987 4366 643 3751 1179 2462 7620 9235 8661 3399 3995 9493 2277 5889 5916
22 9733 1869 245 2543 8395 2589 3271 3893 870 6540 904 7805 3761 4386 7777 5785 2807 3567 2218 651 710 3224
16 9550 2648 7474 1409 8992 9244 7292 4708 46 2333 1899 8186 6860 3405 3407 611
10 2538 8773 4906 9943 3577 3519 1792 1990 2821 5571
15 6466 5615 2673 7422 7804 5292 9618 2889 5236 2616 6577 9808 8166 5202 9243
17 8236 4659 3542 8176 3157 9219 5569 3722 4884 1208 6036 1821 2193 7752 7079 3558 8717
20 3821 8086 6956 4206 5245 5698 9136 928 1325 3397 7306 6709 6937 7452 2369 7850 8341 5455 9775 1976
25 6706 5970 9737 4300 402 5045 2153 1266 2017 9718 4430 4889 5852 2420 3649 4740 5951 2047 2199 5589 7400 8515 1483 2922 8625
22 3555 1090 7114 5241 5500 3510 1871 9649 267 2214 7907 1432 3768 5943 8315 7328 804 4518 3724 1418 9391 2252
21 1097 1228 9226 9303 3403 5764 7829 7176 6678 4098 3323 5261 2506 5186 7139 5349 7583 4367 5022 1764 7405
21 4601 4507 7174 9272 1110 4426 9474 1449 8909 889 2086 6497 1610 5396 1606 2763 3983 3031 4697 7708 8818
26 7685 7442 9068 8747 2105 4866 7810 2600 7085 9424 9361 8492 1286 7222 1505 2058 2150 1959 9607 2655 3151 8482 8567 6045 2175 9931
16 4455 5576 6985 4709 7004 5305 1429 5779 4840 7284 7421 4995 6175 6992 7831 1837
11 6424 9685 5069 7558 5991 5259 6653 9154 6194 59 6227
17 7862 2523 3470 4876 8233 5314 2884 467 7727 7265 7124 1802 6948 6005 8891 1950 5555
25 9274 9042 342 5466 709 2537 5514 1804 1779 6375 1328 7504 7573 3345 25 2092 9260 2336 8205 681 540 7409 2259 5051 8677
18 5387 8055 1002 8300 1810 9547 4655 2903 4055 5013 9919 7291 1548 2966 9622 6637 6933 5037
23 5721 942 1589 6041 2355 4667 9376 3072 7414 8976 3501 3127 2535 591 3937 1448 8752 9911 721 8790 2725 7977 3076
22 9670 1863 5809 1211 2332 4663 5849 252 841 4101 4734 4651 5427 3511 7003 1765 4169 5015 6732 3642 6016 8304
23 206 7884 9402 9433 6512 9566 970 545 1393 7403 1072 7333 7352 3881 3806 5039 158 4081 9181 3604 7087 6978 6314
22 3445 8367 7364 7372 708 3396 1681 5915 6674 8361 1316 8772 972 9904 5135 7275 9699 5326 2046 8658 9791 9034
22 3411 2566 8155 7097 9789 4690 5340 8842 6629 4675 903 337 253 6047 6408 6945 3635 7880 1826 7136 296 8375
21 4428 7088 2797 3640 3601 8063 3487 3 7528 5908 3668 9085 6511 2388 2555 2779 927 5831 1290 914 8980
19 277 419 8653 76 5001 6263 2614 8246 8896 2874 7322 518 9186 6209 4165 2730 4783 4719 4729
16 7677 9503 5888 843 9106 150 873 1591 3166 9094 4765 6542 221 1661 9552 8905
26 489 6338 1349 1883 2008 1013 1299 8033 7757 7164 4739 2360 2051 5341 9571 9310 2406 941 8474 9949 844 5595 1696 9591 5354 7283
17 3544 2578 3384 4615 354 3381 8419 8697 3187 414 5385 7736 3449 593 51 8569 2862
26 8219 5406 4704 6749 7686 4141 6764 812 4085 2921 3319 2417 5882 2766 6219 72 5271 6826 4436 7652 5468 4161 8634 9669 3837 5873
21 3129 4421 5034 6902 3921 2935 2000 7217 4493 10 9077 1688 9480 3680 3515 9843 595 3106 163 8467 1336
25 169 3830 3795 3778 8739 663 9405 6858 1913 6387 3894 686 6262 2085 2997 6957 8288 4621 9064 5075 2624 1262 5162 7358 9525
23 1984 1866 5409 2551 7301 3785 6708 5690 8103 6738 2048 7259 4198 5802 6077 5997 4508 9807 5927 3998 9331 343 8971
27 3855 2963 2904 3966 4130 7609 2151 2228 4314 699 5301 6162 7608 5734 5303 9822 8776 6506 2811 9667 3175 3658 8396 3244 7955 6295 7667
27 6361 3817 1843 4875 6248 1942 1004 428 8159 7750 2955 7738 155 3818 8475 6915 7256 135 9603 9713 3878 440 6050 5630 5974 5150 3097
24 7319 2577 5182 1930 1584 9190 8988 3117 9330 5101 6149 6953 9363 5807 9524 4550 7486 3831 6962 4668 8142 4862 4578 5176
23 6307 2026 7687 2261 2622 3065 8182 9795 3049 5701 760 692 67 5498 2365 2201 8579 604 9279 4541 9032 8808 1157
23 6804 8856 9564 147 7401 1123 5995 6703 230 5023 8029 851 2447 4964 6416 5641 8064 640 776 9358 4240 6715 5414
23 5716 6849 4475 4749 9934 1245 2634 4441 8247 9327 8439 2740 4439 5336 2896 2186 5251 3944 8460 7818 6464 3662 1801
23 1054 4630 665 128 607 7922 541 5495 9425 6308 621 930 3757 9348 687 3918 4110 5450 2405 3376 538 6748 7969
20 6438 7692 5861 7156 4245 4496 4744 399 9821 8357 6980 9352 6838 7815 1600 8810 5752 6046 3335 603
21 6003 986 3325 5879 1048 3672 3222 2498 4258 2590 505 1538 717 3079 8456 347 3600 6052 6844 5666 4501
22 7768 1100 6316 6012 8028 8693 5600 1314 8564 151 2023 5804 1243 6382 8418 6027 4175 1445 4967 8526 2148 6533
