27 2822 1377 1285 2767 5182 4553 7061 5556 194 2457 8318 5352 6829 2761 965 7757 8764 4470 2164 8496 4982 5576 9657 2285 5294 5849 2634
29 2921 1387 1066 2048 5705 1160 8154 1370 6385 1226 5699 8956 6996 7859 274 8242 9427 4648 8684 8795 3749 1107 5873 9335 7711 641 2516 2952 2149
24 7136 2202 1670 2469 5456 3318 6112 5278 1082 5592 7877 2589 1892 5956 2445 9567 3973 2073 6116 7897 7647 1939 2143 9404
28 3117 5336 7929 5310 1644 6657 572 2950 7660 5838 3105 9482 2092 9844 4779 96 6466 923 8098 4626 2575 6593 7683 6490 3522 8187 5029 3227
27 835 3452 6402 9980 2677 740 3858 9415 6277 7328 1585 7989 7242 6450 6539 2485 7994 759 6219 6243 8342 8852 8685 7730 5950 8151 7775
30 7833 1038 3149 3295 2914 6554 9909 80 7680 8391 2647 3798 8334 2704 8990 3418 583 2319 1291 9801 6458 7193 1953 8716 7512 4705 4337 9023 7938 4875
29 8450 4246 68 2252 6313 4314 4093 9439 3037 2601 6567 9720 6976 4713 6772 7196 4610 325 6195 6984 6297 725 8739 1108 7972 5386 4461 3080 4188
30 2603 9054 9257 854 4436 7625 1257 6580 513 7338 8627 2061 9260 4774 3174 7157 6399 3889 4258 3253 5139 7565 4755 6694 6981 2095 9679 8916 6157 7368
30 2139 9366 2399 4607 2339 5201 4452 4044 4527 2097 4921 5405 6368 6010 8436 4277 4113 9297 8119 3728 279 7814 8275 9301 2990 1705 3474 1851 4014 1635
29 9670 8669 8152 5675 2736 8234 6481 6411 5742 465 1168 6814 9303 6721 57 6362 5648 1338 9901 3282 5858 5364 1529 3688 2862 2706 8374 1946 9604
30 1959 7382 1896 5156 6936 1049 4009 1042 7359 5822 8588 2799 9412 359 7846 603 9008 6438 7365 7040 4886 7444 3022 372 1951 7411 1393 8582 1270 7568
27 1785 476 5794 7976 9915 9955 150 4004 9870 2909 2426 9833 3065 6692 3344 4033 5614 4706 1201 8069 3689 5184 8520 1509 6377 4897 75
29 2635 9561 2069 5472 1822 8421 1198 7441 6218 1602 7664 7472 8089 9092 5080 1029 7171 1828 9553 7027 5920 8704 3673 2597 7052 3239 1263 6542 6576
27 6933 5097 1040 6250 9754 3118 9864 8793 4110 5659 9917 8413 510 6484 2546 4112 2975 6307 935 5888 8853 2953 1227 451 7903 6480 6148
27 5260 5535 5528 9352 1597 7177 8754 6522 6300 5843 7284 7282 5974 9160 4743 2970 4838 7129 7285 9911 3736 7274 9652 9686 8803 3645 3876
28 493 7096 4951 9940 8699 6255 73 3091 9078 7597 8917 9964 1280 4943 214 6204 3085 8156 8086 4154 5449 3994 5232 2094 3668 696 6942 7722
28 333 7205 4765 4870 7969 2135 813 674 689 2629 7009 8371 5800 713 4727 1906 2702 1230 1356 137 9036 7857 374 9170 6532 7789 6564 9941
34 2098 3505 69 3898 5990 343 2608 8478 6553 5235 4500 5366 9771 2943 1206 3834 1650 6601 7130 5114 2256 4438 2447 1656 6777 913 5363 4403 7666 856 3993 8272 5489 9918
27 6261 7047 6265 4503 5696 9708 6994 2728 902 4577 3794 1589 3543 2984 2237 7515 6106 6249 7373 2180 1514 9514 1957 6506 371 5897 4184
28 2734 5325 4338 6493 9397 8727 6615 4055 6820 6238 6809 5504 4855 9421 4623 2379 3244 8674 3789 8863 3133 3257 8818 8032 9698 7837 3826 3048
26 6599 8644 3765 9685 7244 5400 8046 2154 4377 2843 7330 7387 6434 4985 4161 9716 7546 4043 1743 5623 6636 7440 5633 145 4111 7917
28 3060 548 2599 5797 9456 8553 1767 1971 3506 1182 2148 3321 7739 6743 3677 4059 7231 4023 9946 2676 3924 6420 1811 1947 439 1891 5361 6906
30 2446 2996 9957 2335 4650 6275 6520 2058 3997 2470 3158 7450 2255 9309 4448 4213 3978 2740 461 4056 2449 8357 6501 1900 3351 5466 6798 6320 6038 1445
29 2234 3025 8434 915 6699 7232 4739 147 1322 9986 9324 4888 5533 1176 2551 1137 3650 9683 7064 3052 1814 9496 9536 3111 8533 9863 4954 2556 2451
32 2922 994 4794 6664 2570 82 4286 9773 704 3019 5784 2832 3989 1724 9750 7247 1905 6350 5643 756 8331 9125 8181 6109 4449 1546 37 2962 6704 166 2850 6090
26 2772 8835 4507 5109 2815 4629 504 4137 409 6256 8562 2033 4723 99 2219 5242 1702 7325 1922 963 6 5527 7726 4256 7272 2103
29 8033 3877 1712 7648 7482 7327 9495 9270 5322 7776 9855 71 3368 8601 6644 9169 5393 9083 4285 770 4409 10 2427 4367 3859 4437 6094 7655 7456
32 8103 750 8080 3201 7323 2126 4627 9235 6744 2961 6572 2558 753 2887 5332 1873 2006 14 8702 3718 1729 9298 3561 5792 3542 5702 2718 2567 1071 4345 6173 6422
27 4172 3179 3534 2012 2293 7436 8790 7866 1433 925 7268 7672 5689 3251 2534 639 3662 2660 5927 8735 506 5286 5359 5593 2059 6598 694
25 5634 7793 5031 8053 6444 5883 6007 8679 4193 5121 7195 2044 7104 4317 5546 775 9471 424 4711 9333 3066 517 9398 2380 2956
31 6428 7313 4349 1468 2152 6871 9817 8701 9856 6244 2853 8541 4262 7071 6997 4667 805 3786 7909 5484 3790 6270 1775 4342 7228 7477 8979 7843 6969 6546 973
32 7245 328 7611 3476 6620 4976 9803 7054 9880 8262 7462 5413 7400 7785 9365 8883 9931 6998 3890 9345 4016 6605 6886 9399 2374 1974 9253 9285 8893 287 946 7021
29 45 8561 1204 9635 460 2013 5867 6919 5090 4292 7039 5289 916 5833 9344 6134 4955 5628 1720 4653 3029 9879 3577 9953 77 5937 9113 8402 7215
30 8854 405 8977 9515 8937 6036 8518 4638 4844 564 3622 7549 1314 5767 2125 3129 5287 9717 2754 847 3395 8091 5992 4176 754 8672 8376 4592 282 2894
30 2368 4501 4796 3519 7109 9627 9242 5637 8645 1081 7484 2122 4823 6018 3317 4633 7238 5505 6353 6946 7225 7398 4939 7736 6560 6631 1682 8218 7839 7207
28 9475 5524 8568 1768 4006 6410 7842 5580 8263 8042 8877 5442 799 1063 8190 3820 9671 1366 829 4863 6880 8163 5217 2025 7616 4947 2807 7756
30 3042 6200 8481 4824 421 9874 3669 190 1620 3648 525 7352 5770 8446 4602 982 3605 2631 7834 4070 6736 6346 5143 317 9950 9805 6667 1295 6974 697
30 5266 1925 1807 3618 2756 9761 3881 7538 2536 8646 5496 7407 2656 6941 9381 1173 64 5038 976 763 2361 3591 5765 2340 2751 6533 9064 2075 4364 2994
29 6440 1817 9913 9568 2384 6073 8368 6393 6584 6364 9593 3290 5108 2056 947 7795 6940 5640 8817 867 6733 2865 4908 2311 6041 1550 7593 3006 6172
24 3039 5955 7309 1835 5263 7790 6341 4550 4174 6989 8347 5200 6345 3525 8614 1265 2192 9663 6080 3998 5196 6883 6952 2338
25 6613 5967 5537 8273 4355 606 250 3821 5704 5781 2808 8844 8482 8475 6653 505 3621 2127 797 898 983 6002 5747 578 7907
30 2440 6671 450 2769 627 7865 8831 9975 6186 4559 3364 1389 1489 9010 7298 2837 4843 4103 7476 535 4606 3862 217 8451 4505 4297 5161 5591 1367 2288
32 6198 3288 5771 2205 9224 1558 9963 3573 1258 794 2281 5687 5327 1747 5782 2869 449 9513 2321 2625 6571 2035 9638 6355 2282 4108 8810 501 3349 5635 5033 9346
27 1434 7613 446 6509 589 9665 5228 499 6163 4736 3313 3055 7459 5152 9877 887 1624 4876 2605 4283 6751 5549 7156 3840 2249 1990 4131
30 1179 482 1125 1491 3260 8733 9625 216 9753 7916 4726 7122 3631 9370 2560 9355 4614 1240 268 6035 748 3523 7600 4681 3369 4291 3734 3083 1211 6806
33 156 9696 23 8927 5942 3659 3396 2343 6123 6167 2310 5369 2176 4163 5064 4547 9434 866 7053 2130 6649 6083 9807 488 8738 1183 9978 4360 5231 5780 5374 2809 5823
26 6812 7787 5886 7744 8445 5313 1414 6205 5570 4931 8794 1402 6612 7114 8490 9050 4555 1502 7479 3738 7469 6602 1714 8516 8771 6142
30 1711 7448 3383 429 1250 1854 8506 8182 5879 7942 6674 8536 3094 4918 8550 5076 7206 507 1523 6394 5094 1605 1455 5381 4150 651 6153 2345 8037 7533
29 1134 6770 7191 4084 7086 7896 6538 8398 3774 4064 2897 5259 6228 9400 8707 2690 967 6034 6401 786 1687 876 5445 1790 7713 12 5609 7934 7534
27 5876 957 2332 61 4455 1681 3443 3644 1541 8349 8783 8211 332 8859 5611 7077 4598 66 56 2453 1334 8359 4624 5571 7521 4940 6835
29 1566 8607 8128 2954 4896 5226 4639 1784 6215 5355 8466 7466 140 3974 3828 7184 6078 2411 5060 5047 9234 1355 4558 9539 7505 2819 6929 7319 496
29 2758 9447 5334 8297 3694 3518 5251 2279 9961 7944 6212 5401 974 384 8558 4180 1636 5479 247 1748 9000 2621 6840 8192 5936 6762 6271 6656 7234
26 5959 9031 1704 5115 3268 375 5796 2774 4562 3908 886 7525 9187 6716 5202 7558 6180 8155 8626 8397 4013 6899 3946 2616 4585 3642
32 9151 7566 8017 1421 6283 3851 5619 2266 9457 5434 6268 2062 4456 5306 1094 5540 9292 7500 5419 6759 6527 4879 3365 2240 4000 7480 9291 79 4872 870 977 3082
28 5604 7708 5349 1210 706 1412 3651 5935 8912 1096 8153 5291 3488 4382 5720 6895 1713 2727 9998 1087 5788 9610 2884 455 4811 2041 7537 8694
26 9861 1842 4327 5713 8281 9565 8000 3683 2243 9910 6454 865 7005 2015 8200 297 4704 3378 8473 6126 5140 6141 6415 5543 6639 2678
25 4467 3562 5595 3385 9811 5005 2569 6727 3429 6795 6800 4021 7150 5075 3853 8319 3162 1591 8580 2486 6774 6431 3710 5280 5392
30 9832 2847 4807 702 1675 2841 5744 6703 4089 1028 3069 9545 1948 2657 5191 4700 4570 7181 5246 6863 9237 410 8014 6911 7602 2533 1333 575 4502 6017
27 9738 3075 7343 7183 1278 1465 7870 9350 5878 4334 1460 6213 1621 9390 8031 7155 5422 4357 9521 5684 9176 4038 8554 6972 5926 3328 2925
29 8725 8383 7015 5815 7769 3847 4069 3480 1839 7390 8652 4101 5441 1102 4637 9283 3213 2653 9046 8671 549 1234 7145 8169 818 8244 2008 2532 8964
30 7080 1424 502 2573 7543 4192 9302 1440 5739 6331 7670 6224 954 8489 7124 1469 5098 9726 5853 3761 7913 3309 11 695 4959 6660 9894 788 9847 9741
29 3883 4433 3462 6677 4636 3537 1639 9362 4938 431 8260 1069 3134 8384 7310 5447 6315 5841 6314 9271 7198 8173 9691 7490 2976 2385 1079 2157 419
26 2150 9194 1186 1275 9076 4175 5863 6409 7038 5568 521 8538 8038 6338 418 1789 1625 3012 3526 298 1479 9900 9293 4643 5044 4901
25 691 3169 2604 817 9484 7721 9395 2525 6329 5175 8907 8826 1507 2151 3047 8847 6443 9269 7827 7301 8045 7463 5970 3829 2507
29 7318 804 3104 286 9441 7394 8841 3036 9229 4950 5053 7876 5311 8437 6948 1103 3287 6518 5385 992 4508 9013 1628 3948 7386 7951 7997 8479 4331
29 3516 8971 2228 873 2918 8718 4745 8638 5407 2735 7771 8821 345 1771 5356 9066 1950 3432 100 6949 7226 8719 5088 1997 3493 3906 9388 5473 6207
27 5455 3632 5917 5116 5868 8834 4642 1759 576 5509 84 3147 5909 7018 4934 1346 4865 7314 4554 9840 459 6248 5864 3274 9687 6435 6216
27 7678 27 1021 8906 3716 3917 760 8649 5293 7419 3277 2316 7612 8109 8787 131 2697 5957 9875 8452 364 1018 5599 7508 9423 6810 1298
27 389 7720 9236 2239 791 1342 2624 7190 2100 9664 6993 7321 305 7564 8310 3880 2208 1510 6118 7303 296 714 1800 7731 1638 3580 849
31 6130 6668 6931 8903 5247 8613 4165 9027 4948 8328 4385 9885 7610 8943 9703 9278 7973 7167 5827 4010 8271 8525 4142 1902 6241 3112 6577 3308 2620 1503 9154
26 8980 7397 9735 4053 9989 36 8483 7875 1557 2643 1459 5427 9060 2324 4149 5810 7495 6122 1586 4155 6022 6181 7926 836 3021 7326
28 2995 2648 4757 9273 7180 6304 4015 9939 4247 4095 6705 7076 1003 9389 169 6802 8023 6792 8997 7550 1332 6066 8985 5629 5809 3092 936 5273
30 9058 9764 7529 1036 7253 5181 3292 8178 4472 2233 4652 8573 1524 394 6060 3568 5477 4656 3419 8608 3915 8806 4968 4850 6251 8660 6266 5953 6164 2084
30 9053 9443 7439 8872 6766 8992 5912 4692 5084 9093 1158 9993 4952 9655 6063 7112 5695 9409 4868 1252 8930 1534 1646 3699 3163 3727 6901 8195 5928 1637
26 187 2191 4754 1779 9806 785 1300 4672 4194 5429 5420 3635 1294 5718 5924 8519 4752 46 767 9468 3910 2731 2834 9164 8412 582
28 7643 5041 7042 3126 8277 7464 3587 9338 1516 6914 5550 4295 6735 8864 6624 2387 211 4498 5444 4731 7293 1232 942 859 2749 2291 9015 9932
30 3190 8472 5503 4169 8885 2353 8549 2221 7117 8469 8944 6586 8892 3284 1642 2617 3896 5982 1225 6476 3372 9965 1155 7967 7595 9134 8416 1991 7165 5453
30 3183 1492 3693 9459 4034 6211 975 3984 5406 789 6097 8358 9728 907 6701 2882 6714 354 490 7832 4359 4464 9639 2875 9201 4936 5650 1672 1738 9510
28 4904 5941 6416 1422 1715 7259 7910 8920 252 2947 8369 8591 9792 6414 8713 1047 5806 2723 5641 6831 4772 1372 9523 634 7858 127 8744 4690
29 3425 9992 2940 4476 158 930 5223 8076 4306 4489 7906 322 2790 3010 1838 7102 5485 1195 1565 2490 2880 7085 1381 6801 9819 44 7106 3138 6135
28 2717 8246 256 8833 1612 7296 6854 9425 8477 4047 2705 5848 539 3477 6100 8175 4800 5464 4861 3357 6196 5319 3374 6499 5344 8891 2530 722
27 7849 3210 9131 4442 2873 8924 4566 4885 6531 7802 5694 4612 4601 8137 3211 9830 2521 6789 1335 8071 9205 4593 3237 7741 2481 362 5666
29 6885 9136 26 7890 8693 7087 3741 3934 4545 1532 9090 7068 5874 7692 2475 3641 3571 6678 3916 8340 3980 3521 4993 5764 2093 2501 6008 9841 2107
31 9822 2381 9820 8431 3698 9286 6767 3267 385 9648 6562 4388 3835 2548 7443 2014 7276 5270 7499 1156 1286 1884 8600 7263 7139 5946 9576 3311 4512 212 6202
30 6340 352 6778 6374 6005 408 3297 2194 2511 9420 3194 2495 5024 1929 6757 6321 9617 7514 4541 9429 8662 1513 9680 8902 5408 6325 65 8574 5681 7774
28 6430 3832 5952 3471 5127 1197 7144 899 2687 943 4040 8815 5198 3054 9547 3927 7829 5212 4924 1901 346 9623 3081 192 8484 1255 8768 6588
28 7851 4392 1818 3707 2166 221 2838 7915 5253 1555 5055 4032 855 1171 8497 7628 5458 1065 9275 9972 8940 6011 2828 3985 3161 3872 7422 1778
29 3448 8948 7752 1863 5598 3275 8737 8377 7869 7097 300 2900 1483 8762 2187 2708 6009 4493 4187 3466 5563 136 7311 7658 7523 8219 6203 8317 9109
28 6056 625 1035 1909 779 5416 4942 5457 1603 110 8214 3407 8899 4132 9736 7075 6968 4094 2362 2742 5710 2545 3438 2812 5813 24 6390 3810
28 8172 6154 1924 350 2396 8584 5368 1865 425 1083 8325 7950 5281 7701 6418 1488 2663 3569 8457 4007 2471 2669 9977 7618 7050 4998 6680 7641
28 5371 7639 3460 3746 2236 489 8913 3182 1354 7661 5329 7990 6951 8901 1736 335 6326 8107 3773 1940 151 8102 7287 4646 5907 2487 7270 3808
28 2870 4107 9117 144 8829 1241 1787 2334 6559 3532 3608 997 1091 4829 8621 1439 9140 6739 8056 9897 9137 4073 4209 4733 8058 8068 5507 2719
26 9145 773 8492 7219 6407 4126 8634 8620 8848 8493 3546 5818 1934 9769 7557 5662 1495 8643 6870 9086 2824 894 1119 940 1559 2134
28 2223 90 2554 5632 7867 1923 6099 1525 6606 1754 4658 6486 1498 2549 4232 9659 2270 8459 3658 2117 880 4222 2510 1655 5481 9995 5707 6091
32 2584 9960 3492 7402 9304 7295 5724 5542 9238 6286 4874 4432 3212 2028 1988 4428 3269 7431 7172 9999 2910 3031 2974 2458 6700 4744 3823 2392 7520 2844 2444 4300
29 5254 7179 9037 4279 9899 3722 3479 1299 3156 2552 5597 1723 8801 2390 9185 5842 3939 8425 9928 3245 1090 5414 269 7019 8567 2779 9774 8387 4977
26 4114 8205 8592 7458 3612 9258 6452 8201 9182 6312 7580 4647 8861 9414 8329 4424 2216 9929 6894 118 7659 1594 9778 3226 503 8696
29 6975 1271 7014 273 1178 9549 4076 5010 4889 995 5480 6849 8611 609 2682 9712 86 9209 1763 8186 4826 4806 9210 2566 3996 4416 6783 5618 9724
28 9141 8654 1192 8052 9752 6049 164 9990 9153 1104 301 4425 6836 5006 1416 4819 4836 5554 4439 1077 6370 4362 2454 6201 8782 6029 7841 8805
29 6096 8961 8386 7894 9095 2912 4795 7489 8517 4457 5856 1647 5404 4081 4420 693 369 5013 5389 4649 5745 8079 9167 7306 4381 5215 8743 7322 2659
29 3660 9740 698 528 1809 8108 9494 311 2318 6860 1852 5983 2913 9222 1936 6433 9011 8758 1732 9162 5335 155 7933 9903 692 6360 9723 2957 3708
29 4891 8502 3782 4068 9130 8439 555 4478 8005 3388 1269 4856 3494 2389 1223 7656 9810 2466 9551 9316 4770 2172 5004 8456 9524 3936 390 6960 98
28 7320 4474 7638 8083 5308 678 6464 5596 2247 987 4201 4914 1126 3175 5804 1122 6884 4085 8973 864 6259 8635 6659 3614 6308 951 7806 9204
29 2600 9166 8624 3557 7176 5706 851 1420 4640 3320 6918 1908 9072 7740 6670 635 3109 8921 9337 6031 3626 5624 8802 1287 6159 8774 9403 3071 2436
30 295 9104 8356 7552 2963 3992 9590 8569 3724 9274 1290 6191 3982 3629 3806 8135 1383 8333 7975 2259 347 1979 5316 5091 4664 7738 3289 6498 3444 9700
27 9191 3265 6600 5534 6922 2101 6990 4589 1132 6188 4941 3454 9311 9217 9326 1840 5187 5573 5799 3792 3793 4537 1878 4196 5430 5678 7178
28 6781 3551 49 9120 5860 3949 5188 184 4724 5976 594 7032 2020 600 5581 2508 407 3805 1652 1084 1703 8202 4270 3649 3421 2493 3159 6246
25 3636 4574 9743 3099 1429 2394 43 7927 5071 5350 4689 3464 7363 4080 6146 5672 7826 2628 9603 2778 4479 3931 9349 5877 7899
28 4967 6497 3128 9755 2323 8462 9172 9499 8655 532 4515 2852 6291 7763 3567 8158 7079 2639 5099 1782 7252 8836 5582 891 5375 3857 5320 7364
30 3353 3581 846 8415 3682 2479 6868 8257 1340 1777 219 2078 822 6310 7860 4813 2845 9757 8972 440 2460 7940 9313 5180 4320 8953 1369 8240 1099 6575
30 5482 7175 6635 1267 309 163 8494 2433 383 8316 9308 620 5793 6862 9497 2859 4546 1458 8578 3869 8827 6875 6987 5339 8922 5686 8117 9071 4685 9982
29 3187 2698 1365 288 8471 4730 2644 5302 4799 3784 5906 9502 3310 6508 1774 9609 9312 7803 1403 398 2598 9199 3189 7140 9508 7453 5275 3366 511
29 4611 8121 5324 2876 7707 3323 738 1542 6866 3777 9921 2178 3975 9158 9 2741 7750 1581 6775 3732 5630 6132 5961 661 6818 1446 5774 3913 5065
29 2849 1512 9075 1410 9073 4156 2024 1131 5353 7840 8004 3743 3606 3435 6728 3944 9552 2193 6953 905 9532 2196 5715 2115 6013 9474 8619 2016 6051
28 820 2766 656 5483 4560 8766 8957 6446 177 7415 9970 6672 6145 8752 1530 3639 4557 5816 9693 122 8030 9503 4907 6717 5491 3589 7315 8618
31 9581 1846 2855 5153 9416 515 4323 4048 2207 6824 1849 4544 7531 403 8963 7099 8610 9852 2181 355 1850 4225 2102 7445 18 8306 2498 7002 8583 2879 5723
29 8598 377 2000 1499 3455 8966 2920 6309 4117 1679 2802 39 4376 5817 7586 5299 5040 1033 7133 9195 9926 2438 7389 9063 857 3214 7164 8225 2611
29 719 1788 5492 3005 7519 7667 8320 9898 6162 1032 8862 8294 5118 1744 3461 2872 1927 8720 8367 6827 9026 423 6489 2896 9878 749 3979 5789 7886
25 7138 5703 8468 5973 2472 1600 3122 173 6473 4579 3553 1972 1145 6846 8129 7248 7570 1116 7686 4620 821 1454 103 7004 2504
30 9392 6557 1247 3316 7367 3238 8711 1004 5303 8251 7703 1233 7377 7596 8248 3393 6502 4109 5295 3329 9944 776 1859 1005 2294 9069 7544 3663 1954 2497
28 3016 1938 687 4217 60 2201 4221 380 2083 9760 5766 4599 1879 1494 533 367 6607 5205 244 7504 6089 2363 8510 1812 2776 6722 8945 233
30 6507 1143 9695 6928 9039 9033 1133 3151 3654 1545 3791 5998 4179 4986 3063 1413 5487 5989 2420 8869 8570 727 1843 7224 5728 251 6495 4699 1001 3504
24 5588 7704 8851 8130 6278 941 3558 848 8617 4882 1952 231 9876 388 8321 7083 5494 5995 2302 9277 5882 4561 6189 8887
30 5832 3235 4170 4458 9079 1554 5102 7467 1012 6535 7745 8147 6582 9216 9250 580 2032 2287 9295 5617 6964 5929 8508 8287 5120 5337 4798 4820 7861 4037
27 8141 3384 4060 128 8049 4655 5224 1487 6652 6160 7815 7267 2004 7258 5752 1832 5880 2118 1733 1357 8104 809 235 3760 7965 655 5988
30 9106 280 3665 4944 7161 5520 7715 4722 3203 4348 2919 51 3058 3453 2811 9299 8373 6628 1213 1426 7959 6514 8998 8647 8606 1981 4895 5317 8514 2155
27 3249 4543 6475 1398 7992 53 9599 6817 3500 4363 2931 2116 6719 7962 9707 6594 222 1632 5272 7283 3475 6662 3586 2885 3197 9971 283
29 681 6982 5756 8565 3259 9489 6752 200 400 7091 6287 4284 6024 8279 2185 9264 7808 3473 7003 4618 3900 5762 8408 5709 6086 7542 587 2968 2406
32 2038 6227 3991 1860 9175 1890 593 4030 3001 2674 4025 8238 4241 6927 1919 7118 5072 8087 1780 5655 7070 458 6477 6771 8160 6289 3208 8559 5787 637 8819 7820
29 6570 4662 6765 1907 9825 4298 2435 9220 9634 4684 1889 258 924 7792 2893 9197 3837 6724 2026 8403 6373 9373 7567 632 6222 3406 1607 7123 7555
31 327 8698 8657 2693 4715 3764 3757 1236 3103 3465 5969 4958 8055 9035 1371 8639 125 3514 2225 1511 6962 9867 8419 5697 7669 6281 1374 6907 9705 8928 8879
29 9351 3171 8464 9241 690 7316 734 7614 715 7928 3121 5579 3199 5994 1504 2889 7236 9776 2344 4972 5663 8748 614 3559 5819 8061 4268 1665 647
29 701 6543 4390 8952 6889 2752 5783 4231 4621 6328 3481 7305 8505 1034 7682 3674 6930 3799 5825 9701 3077 7434 8252 7074 3157 6028 2895 9768 3232
28 1826 7006 5345 4480 294 6658 2232 9327 7082 9057 6115 6878 1392 9483 6306 7823 2684 6054 7372 5753 3977 4999 9557 8018 6988 2031 126 7260
27 3592 3911 6168 8261 1293 5167 3430 203 3484 6773 1962 4862 1664 3599 9021 7635 9473 8692 6529 1026 7862 2199 3687 7617 8060 9866 2494
29 7674 7855 544 2526 3266 1076 4307 4251 4205 7931 2509 5169 4147 1870 6208 9122 3535 248 4441 5923 3964 7034 5437 2732 6293 1305 8776 8589 5644
28 5835 3076 5245 850 1325 1855 2218 8798 7592 9126 5314 5963 5661 6388 2817 9252 3576 8900 807 6131 2317 5932 4255 2626 1316 3207 8640 9431
26 4115 9200 7416 6718 2468 5433 8911 5176 9056 5501 7059 116 3771 213 1876 4946 9534 8016 2696 579 8951 8622 2261 4695 6264 4678
31 586 2517 9460 5938 3781 4400 2036 2439 7278 4831 5059 7863 2355 861 3894 4365 5627 444 7961 4837 6193 3097 7113 114 3713 7518 5918 9829 764 5410 6441
27 3440 1187 9213 1330 3855 5999 605 3242 0 841 9883 1360 1329 6025 6471 6448 5652 3552 2174 6004 3223 1506 8308 3938 5471 5513 4275
27 1408 457 2305 4415 6912 4394 8741 1121 7765 1837 6183 228 7884 7953 2949 6512 3276 3976 3093 4920 3538 699 1378 1943 5054 5836 4916
29 7782 7794 188 9019 2253 6844 5323 3489 8687 6472 7336 7939 781 157 9588 9560 538 1741 5986 1101 6536 4651 6273 6943 573 4518 1184 1533 3375
30 4182 6610 6463 9966 3671 6500 2771 4190 3176 6185 4657 7645 2825 4402 2730 9359 5737 649 5357 6691 6067 3613 1869 2328 9713 6654 9927 8501 4832 2296
29 7277 7222 5462 3373 5318 9546 3243 356 2835 2052 8448 4919 3446 5346 633 2327 2792 8984 6381 6165 7266 4484 195 3459 2709 4380 769 7294 4594
30 8044 2793 6992 665 9219 6485 7239 7981 2707 5133 7767 872 2780 58 1353 6521 8960 6050 6734 1159 6158 4426 8788 8247 9710 4026 937 4791 5007 7796
30 3155 7545 8026 9930 2555 2358 9467 3192 9339 313 452 8734 4215 7146 2581 3740 3852 591 8656 7749 5743 6723 9433 1874 8197 3355 368 3868 8392 1199
27 306 8590 2524 8063 1448 6242 8526 4487 6750 5100 6225 2153 2017 4199 270 8534 3046 6604 4216 7657 4036 2197 4411 882 3074 4419 1289
28 8078 6062 5195 9606 6563 949 8791 9949 5070 545 6449 3795 1352 6540 8498 7999 6900 8705 6934 5141 2437 2360 7289 196 2848 4257 4516 2681
32 8858 9038 5529 5751 6030 7985 1430 6816 2450 8292 3100 3215 2280 4136 2520 6137 8915 7012 1457 2951 8461 3885 4086 9396 7255 3750 6239 8084 1762 2123 119 1212
31 8544 9243 9492 961 5258 9096 2992 5157 2574 261 2522 2050 7838 5438 3028 8124 2341 7353 1941 7943 8312 3270 146 9061 8690 218 6136 1115 2544 2670 8631
28 3873 9791 5134 8615 4694 9622 5639 3715 472 2590 1214 2977 6253 1409 4072 2695 4509 241 6939 1903 6685 6525 8209 4462 2796 1820 5365 9558
31 9601 2607 4766 4481 3950 3524 3696 5 5925 5396 926 2415 2513 881 6954 2121 9448 4477 2979 4240 1611 8800 1992 728 5221 7119 4702 9080 7029 2915 8307
28 3216 6879 6864 7650 7621 9585 1411 5301 1692 4431 7423 5830 8066 2204 4312 5037 17 3666 3342 7420 2476 1481 1318 3706 2927 2571 6074 4956
33 3491 2297 2330 3640 2304 3845 3836 6566 2770 8873 5315 9531 1074 9839 7213 7340 6811 2082 6156 7126 5622 3971 6712 9641 4159 2543 2074 441 1518 806 8228 7424 2480
30 1579 1539 9336 1816 3598 1390 8594 3486 74 7709 6893 9651 2686 8796 8732 9387 7273 3261 2665 154 4536 9631 735 6797 8935 2357 8978 3918 1773 8636
29 4523 8085 8207 5965 2350 2051 3412 590 1302 1304 8224 353 5106 8352 1968 998 9119 2047 1006 8064 7250 50 1017 8535 2938 6068 5948 6842 7718
29 4119 4759 1751 4802 3442 7147 970 9272 6436 6412 9862 8604 986 1553 5716 9666 6851 4492 2087 2131 5103 3600 5735 543 6661 8527 516 845 1651
30 2586 7574 2890 417 5553 2965 4005 2346 4116 7392 266 7209 4564 2833 6741 2757 4893 1336 8233 8138 4491 3787 9550 5981 9342 181 8487 6371 7471 2423
28 9180 9446 551 659 7845 4495 4282 2027 7483 8040 7503 9871 3685 863 1052 7378 101 3884 599 5977 853 6290 8179 1254 9912 7089 8443 7134
30 3831 4494 4701 6623 896 4050 1631 971 4809 7405 204 1749 6456 7300 143 4417 4332 7159 4191 2839 5034 7170 1078 6848 2336 814 9934 8792 5284 9212
27 3766 9589 487 6756 5945 1750 2613 8728 4818 5083 7007 6176 8761 7681 7630 3004 4572 8212 3294 7977 7354 6408 4228 3601 3970 9544 2791
27 1813 5467 271 8778 5151 8681 456 3040 5439 5900 7955 3797 5828 3377 2060 733 3928 2029 9005 2688 2002 1129 9022 3588 2211 3345 1522
28 3709 3929 2365 1148 1700 3405 2295 8239 3439 3167 168 4497 8350 1761 9024 4814 9174 9017 2726 7634 3624 2987 1580 1279 8731 4548 3901 5690
29 1999 9360 9584 6093 9891 2212 3049 9183 106 87 5222 991 686 567 683 1856 2348 7212 2309 2112 672 6194 757 4613 6260 7192 6303 7399 1596
28 3922 5241 4088 6474 1776 9329 5424 888 9436 7062 4782 239 6337 914 611 4129 52 5123 2272 1075 2455 7169 3224 8174 7705 3652 4881 63
33 577 1893 6482 3172 9150 9678 6779 9407 9380 4017 2646 8245 8159 2539 5894 7043 1308 2326 8221 1013 842 7333 4725 3809 2773 9306 7799 2063 8241 638 4590 2985 7540
26 8786 6578 4311 1913 2298 3556 9186 8700 5028 8296 115 5664 7588 4776 3499 6963 6487 3337 1008 3726 2655 6541 1877 9642 9188 3386
32 6042 2414 6597 4660 1926 2147 5166 8968 7693 4997 1688 6707 778 709 7712 9207 7831 254 6302 1 7357 9171 7 6825 3947 5575 2393 7923 8682 9968 9802 5208
31 7653 5944 5721 9933 9592 5829 8954 5022 1917 8680 1980 9368 7983 8435 2903 2342 3961 5567 7425 9644 6641 4971 4912 2905 5009 3015 6305 8290 6524 1315 7264
28 8424 2086 7475 5377 7742 2352 792 308 2289 5142 4062 6590 3360 2632 1598 6965 9920 4778 2831 765 8388 2434 262 453 2904 5915 9838 6804
31 3875 3756 8983 3560 6177 4628 6519 1888 1897 323 8602 3434 3416 4423 8882 5978 1376 3327 9597 1561 3497 3200 9608 3995 9065 7413 3779 9987 1323 7978 7348
31 526 1030 7380 9129 8663 6427 6902 6764 8593 2547 7108 5347 2463 3390 5820 3692 981 8401 1848 2899 9922 3788 201 7687 8811 1576 8981 5092 6240 8753 2254
29 1808 9868 7120 1737 4250 1740 132 3830 7078 8025 2030 9654 92 4226 958 5199 7262 272 9938 9649 9486 2483 1375 6745 8409 7008 1106 9882 1177
26 9413 1312 2418 1175 5051 5714 3281 1549 4792 38 5701 3095 8650 2372 9630 6079 3960 508 5179 9682 607 2398 2275 2716 3956 2810
27 5014 4989 6595 3951 9907 1547 2745 7142 111 9526 2685 3923 7491 9325 5174 801 72 9746 3843 5172 8632 9667 6358 3148 9573 1653 4625
28 42 5903 1976 8327 1794 1804 5850 5105 5343 2654 5036 5279 1960 5600 3942 9424 6075 514 4847 8171 3089 4233 7954 9849 4369 9947 8353 8932
29 1717 7186 3503 6970 4151 8237 1674 174 7755 6666 4945 3817 8605 6272 3026 1819 4693 1224 8041 6127 5893 3230 7055 8203 5985 6573 6821 1551 1363
28 9168 4066 6959 928 1608 4697 1689 7356 6630 1694 9127 4988 2262 1056 729 3463 1391 6400 6958 8703 7548 1699 5785 2883 7154 172 6513 8465
27 8220 4922 8227 3333 1560 8697 682 7227 1098 6138 4375 6915 3220 3096 9564 8667 481 7624 5676 7905 1337 8637 4973 5845 6217 1791 969
31 9049 6330 8440 1772 5423 9322 6292 9504 5218 6470 4079 2763 9689 7941 9845 9796 6991 1161 2229 3433 4330 1696 7092 1966 808 2046 1798 2119 4422 2668 9600
24 3387 4303 3630 7699 4248 3783 7872 9954 8330 9677 6581 133 382 3137 2462 3596 6689 6957 1478 8449 4783 8100 4674 447
28 7418 3247 8400 7151 795 8285 2242 7163 3078 8284 7370 2465 9256 1667 623 5378 2692 4482 1480 6140 4208 139 2210 7987 1978 7930 7966 2007
30 9159 8394 9756 6910 4001 4302 9184 2917 6675 6708 1861 1444 1244 9411 8223 9598 7081 9405 4451 7241 7797 8467 1989 1297 5017 566 7166 2572 7553 7996
29 4078 1573 2241 3575 6790 1123 232 7891 3882 9818 5309 5852 3136 6457 1142 4207 9624 8571 2871 2159 3676 8088 7583 2248 2866 2703 9586 5178 4329
32 175 4980 336 3350 3391 2401 7375 9745 9554 5183 6344 4898 3191 5768 2606 4294 2428 4167 7888 5399 5750 8048 8729 7197 4039 3450 5110 4619 4698 2467 2630 1766
28 6423 3720 8870 7979 3866 2768 8381 9461 8993 6015 718 5488 430 3132 475 4902 5239 6110 4269 988 6986 6339 8736 9320 9463 1327 8351 5638
25 8995 8546 2442 9042 1505 6753 6551 9133 3887 3229 8253 798 1796 1847 7725 3102 8034 8269 4899 921 7895 4287 4274 9358 8194
27 207 1359 2459 7579 5082 6622 4597 2021 9231 9375 1000 8106 9043 8630 5373 2821 5001 5899 8947 8405 8075 3084 7604 7478 5960 6061 7502
26 4935 4259 6258 2535 6794 8050 5587 2274 8289 199 9372 1490 3646 6147 7779 303 7023 246 28 4024 3627 25 3717 47 8132 7577
29 9014 6319 182 8143 7528 1677 3079 1167 5769 5023 1526 6999 8035 1721 5947 5409 6492 1584 6232 6589 8664 5824 8838 978 6012 8070 7805 5269 1648
30 2851 8404 9942 9797 5668 7485 1593 6437 5748 4864 4204 1630 109 680 3801 5104 4737 7889 7189 4842 3252 944 9245 4075 6769 1626 2105 5859 6663 960
29 102 2803 8125 34 4046 3009 9391 8442 4358 1485 1671 5647 4519 8769 5691 337 3897 255 3408 9144 3428 7497 7562 9905 4584 8164 9003 4962 9958
30 78 8406 4238 4909 9520 768 4969 9310 4289 1089 6357 4293 3314 6192 6873 492 6104 2299 7848 7964 5871 3413 5649 7524 7152 2448 3072 4714 9873 6479
28 4768 6425 736 5148 7488 5435 927 4413 6715 7473 4019 1319 2878 9233 2424 4414 3204 2227 3776 1296 5607 1110 7619 442 9143 1010 3279 711
29 7584 816 5476 3744 6280 6274 2542 7761 2760 7958 1321 5265 3963 2798 7428 370 1757 8301 8382 5243 9450 4366 9517 8077 5667 6332 2585 8114 6014
28 9888 275 8366 9787 4219 3380 6618 7988 9059 4370 6847 5584 3298 5834 6182 8362 6453 3013 8313 7573 260 1528 1162 8243 6916 7435 5042 7652
29 9435 862 3312 2755 2395 2258 2301 3170 8486 2183 7727 54 6585 1544 9824 751 9681 9214 1845 6937 3115 7101 197 2214 6327 7090 448 4540 5987
25 2209 7606 4067 4 6995 7158 6221 1194 5012 2260 6098 9081 3401 4280 2043 5692 9530 7446 9357 9259 752 9124 6503 9580 202
27 1574 8447 8513 8438 5585 6746 4673 6389 5862 2538 8215 3020 259 1914 9668 9276 9465 3142 6023 3933 5922 5085 8542 5459 3457 9615 4254
27 4189 6245 4099 5968 2746 7185 939 9936 5274 9808 5490 4504 7237 32 8148 9507 263 716 7684 9401 3965 4041 9374 5158 8712 6673 2456
28 8946 3496 6888 6155 3954 1562 6731 3300 1253 3785 1622 4374 6510 8814 844 4378 1169 5651 1803 7571 1200 1019 2250 4061 5870 2829 8167 819
31 934 1568 1364 810 7698 8547 4910 5896 9356 3299 2064 2689 1680 1548 8335 8332 3609 6282 3886 1537 5186 2022 562 2461 1447 3848 1449 1629 9152 5227 7911
30 7426 1752 5213 7636 6459 1659 7016 7691 996 1895 4446 7925 3507 3695 7346 6439 903 2307 8444 2861 1475 5019 186 640 7281 8658 6161 1399 1235 5561
25 9189 9826 2482 2614 4573 7299 2410 4264 3925 2502 4092 2404 4371 3657 2364 3231 3737 3999 7971 5328 1912 88 9582 5844 3422
30 1141 4049 314 1205 5461 3 9937 2710 771 7240 7455 9087 8145 3011 2759 7882 4538 588 8259 9016 5979 1949 6852 828 4741 2264 1881 2911 953 9643
30 6229 3533 5197 7329 2506 4817 1243 2541 6236 230 9012 2946 7312 6044 1451 8355 3458 6758 5236 1246 3714 7160 2347 1658 8929 5996 8110 7764 869 900
27 3153 2005 3763 357 1283 5857 365 7369 1306 6515 648 5791 6129 5839 7033 8999 5493 3056 3690 7098 6071 1497 7128 3842 3796 4058 4871
28 4466 3775 9646 4917 4710 8910 320 8322 1307 3850 4243 3241 8007 4421 5731 1117 2113 646 2045 9009 7137 5872 8955 1474 8987 9916 6830 3767
27 4052 4122 1407 432 8820 4567 6676 5296 7105 1668 9051 2577 2576 1114 8867 6617 2128 9480 6788 7506 1343 8474 6619 9579 9438 8715 6413
26 1048 5613 8969 8717 8162 5307 4703 3520 1725 2989 6171 1395 5905 5761 1963 7200 8336 8303 8822 7057 723 8772 2257 5586 9018 4964
33 2805 5030 7235 2813 3735 2633 1795 908 3033 185 6419 7046 3166 1643 8222 3778 5220 3389 494 7438 1973 5131 4991 4513 2958 6903 6702 7868 7121 41 4353 5204 7010
25 3423 8653 4214 8530 919 2359 8572 1821 1120 5603 6378 3034 3301 9040 3113 2929 7041 1324 4859 1633 9759 731 852 6149 1864
24 6950 8364 5564 5516 2049 6985 9223 8673 2562 2230 1166 1933 6429 1188 3723 6223 912 1806 7821 3358 4105 574 3059 4644
28 5919 3968 3772 2777 4957 6445 8765 6826 8256 4229 4822 4591 858 7809 6696 8529 6494 5980 5616 8361 4427 1031 1112 787 8081 3024 6898 5885
28 1572 3704 4773 3679 2140 1462 9147 236 9571 5512 3678 2373 9007 6187 989 8942 1886 324 7093 5164 3597 4173 4326 9112 9542 5729 3530 9914
27 6392 7642 726 5545 291 837 8293 7777 6793 1427 7522 1618 6665 1170 1552 3409 9596 6938 8 6095 9472 312 3800 2054 3467 4556 8096
31 4960 9594 9538 8286 2169 5244 2609 541 1149 8274 7304 8628 9952 7404 406 6375 6380 2312 4305 7685 2356 712 8556 4905 1765 4532 2189 950 8683 1185 5193
29 8097 7229 5939 5069 6092 9956 3620 4933 1760 7800 4134 1219 1207 9857 7560 643 7271 6396 3371 454 5321 6642 4729 9948 5515 4995 7371 9555 8629
27 9371 5475 5237 6925 8714 7149 117 7629 4542 8499 2948 3246 8140 7615 8996 9647 9758 7366 7391 2579 932 2104 652 677 3697 4963 2388
29 1769 6956 811 5669 2578 3680 2106 1368 2161 2071 7037 8976 6780 8142 3888 9794 645 6387 6469 7627 1617 8126 5719 1685 4008 7810 7246 2781 6179
26 152 436 5583 5112 5128 1964 4227 4252 8577 3086 5096 5282 3585 7233 815 5642 414 7879 342 2366 8344 1731 9865 5559 2594 8816
26 660 4949 9591 2715 7724 2966 2167 7605 9044 5975 9889 8067 123 9763 6904 4027 3594 8839 3967 5866 2588 3352 621 4224 1484 6865
29 6808 9246 5532 3324 9408 4018 8991 1238 9240 8874 5035 3670 4266 8661 8509 3061 6462 379 4051 7217 5636 3000 9684 9449 2729 7551 9633 5372 7362
27 4071 7539 8003 4777 1441 8410 9943 8812 5510 6233 2725 8813 9228 8426 1068 1567 3574 9587 3263 4932 5518 2072 2667 4840 3758 2936 7527
32 6424 9814 1942 281 7279 3733 220 6057 1064 4691 7036 7345 292 6352 6406 1146 7265 4146 2432 3193 2402 2515 1984 1362 6101 9348 9572 6356 240 3030 224 3116
28 5057 1831 8710 5881 5612 9263 9831 3854 7541 2937 4520 67 3812 5135 361 5884 9487 5468 3874 6592 6917 2694 4510 8002 6637 8986 9697 9556
31 1587 5673 6720 191 5129 5855 5436 675 2313 3802 8013 2651 7935 5913 2675 5093 264 4750 6850 5150 7632 9711 3966 2934 5380 3909 7900 1150 9410 1627 8311
30 5046 2496 1556 7335 9702 1961 7598 420 7784 21 1708 4565 5428 4218 4128 6786 830 595 7732 9566 5892 1827 1331 3483 6569 2691 396 1464 4866 6596
31 8849 5160 159 3656 8503 5826 6348 6710 2762 4465 9733 2595 2055 1709 6085 8094 3700 7199 7069 2564 4742 148 5089 2162 8112 5261 4517 340 4526 4712 6511
29 9111 7781 5846 4937 2168 4867 6299 1174 3304 1872 1092 9780 1085 877 2683 1382 6726 8757 7127 6558 4211 7904 542 5305 2638 3547 4600 2814 5486
27 13 6257 1067 9612 2137 5478 5875 2797 5159 3565 4687 9179 673 5214 1613 5415 9783 9105 1438 9206 1311 5677 8845 1615 9444 277 5517
33 6197 9688 5653 7982 7351 1124 5680 4082 7361 8828 1242 5530 1825 5018 7072 8886 7587 4335 2292 1684 9846 5421 7302 3221 5190 113 2559 7807 3041 4237 8548 6843 9307
26 4764 4057 9632 9772 1282 4734 2175 4641 5382 1045 3131 8278 4578 5727 9047 3325 7762 8208 6019 897 3578 1237 9476 9244 1540 5418
30 7937 2713 5966 6382 8936 9629 8970 1898 2039 5045 1228 5811 1701 6026 7893 6565 8133 9528 705 4786 7825 1388 2503 7717 8146 8011 7772 9330 7908 2980
24 9714 5645 2351 2916 3367 1373 5506 468 5397 2325 2408 4090 4276 8276 884 4787 5778 6349 6342 9637 2203 5548 2099 9799
29 4974 1339 7864 3306 4386 1264 5052 2238 6547 7468 4124 4533 8938 4160 6483 938 1977 9653 9239 6608 8136 2553 4608 1361 1015 9094 3106 3529 4659
27 3590 8177 5113 874 5566 5086 7728 5351 9795 8876 4929 4728 1292 3879 2114 3180 7778 4244 2806 5463 8380 4569 2926 7970 2268 966 2565
28 602 7487 8586 7084 9777 4278 209 743 373 2986 8552 8665 2973 557 2077 5758 4522 744 9749 7051 1157 4563 4265 9924 7100 8236 4707 2582
30 9321 7760 7337 8523 8166 7516 9621 1575 2129 9107 685 4263 6037 3315 4696 777 1662 278 4970 2070 7168 5891 2222 29 4790 9074 7991 3120 6269 9354
25 4141 2090 3579 9669 7679 6859 6738 9853 2722 1423 7536 4290 9300 1853 1221 4106 8420 483 6549 9493 6858 8779 6867 3404 4978
27 7576 330 1442 3283 8012 3528 1707 5861 3545 1493 1172 9490 1661 6698 2290 4609 8495 3248 9614 8785 2089 349 5660 6366 9535 9645 6279
33 570 5147 6687 6294 6150 304 784 8375 7110 8001 5821 9317 59 644 6386 8925 8675 2739 3250 2226 6403 985 9730 5362 5283 9132 293 9004 4927 2308 3958 6955 7559
31 962 1833 1425 8170 3921 8540 2747 1604 964 9675 9442 3362 8808 2935 8691 9694 669 1050 7292 6039 3414 1394 4022 7818 7892 4319 5342 8695 7214 824 8909
32 7883 1746 8027 6284 1521 402 3871 141 9006 3330 4582 1405 8345 3807 664 8759 8599 6124 2133 9985 8161 7786 6834 8354 9722 8633 6534 990 2441 9731 4708 6625
29 4065 2785 1983 9052 8074 1220 4677 8746 2499 7202 9203 5547 2924 2412 237 8807 6629 4328 1858 6288 7963 4781 8923 316 3219 3527 5536 1916 9343
27 5465 5130 9470 7481 3150 9462 7028 5757 2132 6697 9983 1144 2743 3152 7676 2271 179 7640 3296 622 7486 7332 415 321 4775 7947 7414
28 7633 3209 416 667 1380 5522 6105 5170 4341 5508 9979 2124 3926 5962 4851 3400 1341 6087 6896 129 7665 6139 3141 9208 3583 8270 4339 411
29 7662 2830 5326 910 7060 5574 6125 5671 2337 4588 7291 6033 7766 3127 9334 8871 6432 8414 1578 6528 6383 959 1202 4336 2721 7788 7817 8470 1154
30 8099 9440 3681 6935 4200 4393 1770 1944 7111 5523 5514 7355 8824 710 2165 4157 6220 8226 8396 524 8856 6923 8065 7073 1669 5402 1975 467 8360 7341
31 9488 3198 7946 1037 6983 4718 3346 2331 6944 1871 2009 7131 7188 9906 6114 7948 6072 9098 6621 4321 478 631 9088 6081 206 8127 1061 4877 3173 7066 5738
30 4753 6791 553 3278 3177 8651 8609 4273 8036 2788 391 4127 2923 3849 4011 7044 1536 2419 7143 8230 8825 162 1153 7714 4459 8165 3168 3664 5002 3595
32 7914 4469 9662 5136 5908 477 2930 9121 2409 530 2955 4665 3146 7830 3449 922 245 6376 5755 4738 7433 8767 1987 3087 6926 1841 8515 7280 8880 9452 2587 531
26 8346 6001 5185 7575 7430 2591 8264 4785 9500 3825 3563 5162 339 838 2982 3470 7218 6045 463 3140 469 3498 4721 6059 6397 1875
28 7148 596 4751 422 2144 5229 3225 93 4185 1883 7816 2610 9280 9959 30 6545 2111 2492 4604 2816 242 8789 5521 5725 9099 5526 5021 5211
28 3363 2163 1691 3903 879 6027 7201 7768 437 1118 83 9821 4825 8722 5027 1606 226 2941 4846 7254 9402 9602 1718 20 2959 8784 5851 7049
30 4322 9445 1060 4091 540 5910 3610 5348 883 3780 7045 6609 7275 5137 225 5015 9453 6841 1673 4118 7783 1945 6679 6799 1347 6920 7856 8062 1690 8670
30 7427 2146 2198 6819 3623 1969 7408 5446 1657 9314 4679 7257 6354 6882 2354 9902 1894 4434 3895 6877 6058 97 6144 2784 3098 8343 426 8918 341 1793
31 4804 8579 6214 2649 1520 9751 4181 2375 2322 9994 5384 8213 3431 4869 4906 5417 9455 5732 2206 8210 4780 2592 2898 8059 6467 9661 1834 547 9767 7885 7162
29 5777 7395 8875 5207 8751 721 8726 8022 8528 4272 4990 5803 1406 3108 5026 8028 4143 9294 6043 2733 9775 8229 2612 1930 7791 4913 9505 5930 6632
29 746 8545 3878 4996 1756 4784 7952 393 3625 4083 363 5238 9029 1097 189 8378 9616 8283 3043 4261 3394 4102 9146 8962 5560 7396 5398 9161 6065
30 4852 7132 4805 552 6003 3762 3164 1229 2738 1609 5119 5440 5124 1695 428 2171 9935 3616 1918 302 4202 4686 707 1663 3469 7220 4746 9001 4890 5240
32 654 766 7384 780 6966 62 5125 9393 5763 2068 8144 8455 832 7344 2464 1616 2568 3359 9509 5708 1164 1432 8521 8905 8188 1995 6709 4412 8585 8539 7654 7063
29 138 3628 9227 3044 462 6876 5682 7878 1882 9658 1431 6651 4992 5450 8560 95 6530 5741 2886 1844 945 3338 7594 826 1538 4666 4197 5621 7747
28 1965 9718 3937 7694 2860 215 3667 8454 1836 8206 7873 7429 8020 178 153 1496 2972 8480 4399 9386 4029 2529 3447 8747 6324 5685 2213 6301
26 9543 4830 5934 2244 2145 6869 5360 9892 793 7812 8511 8191 3415 8842 7088 4373 5565 8217 7103 5087 1274 9364 1716 3014 2902 7187
28 1577 8432 9506 6748 9428 4903 9477 7880 9267 3336 4028 4344 8989 8015 5426 5746 8773 285 1058 7780 9319 5145 5341 948 1543 8305 5050 3634
26 8057 8372 4671 9202 1051 6815 2642 6128 7675 6740 1020 3892 8931 2818 6908 8254 4815 9981 8379 9028 6855 9108 7644 8708 2737 4767
28 9988 2864 3643 9884 6421 7637 1344 22 565 5578 2699 6143 6892 2939 9232 8288 8866 500 4928 1476 7920 9605 6103 8555 2170 1678 9827 9895
24 2265 554 2836 40 5171 4183 1222 4454 7671 2286 8878 529 3584 5122 8908 9103 2662 3017 7454 1501 5657 9353 9748 4771
29 1386 6785 89 3331 5066 5126 679 6874 2179 5425 392 7811 5249 9458 4617 9290 6226 6924 904 613 6120 8868 4333 7017 6909 4020 1288 3633 8314
31 1109 94 5555 6117 4249 81 7349 5163 1610 615 9110 1880 1128 918 4351 8095 4740 5773 7447 4670 1284 890 3307 6455 5776 2991 486 1634 9904 2371 3952
26 2378 4634 6461 2557 3914 663 8250 3348 3341 6069 4732 1698 1482 920 4839 2108 1450 657 6108 2978 5538 4138 4346 7470 4635 85
28 3123 8678 6754 3844 6322 5693 6616 107 4575 597 9842 4223 9466 8775 5972 1571 9674 5498 6839 4663 1072 351 1281 9788 9828 4793 8216 2367
28 2672 929 7695 1590 8950 4926 684 3090 8235 7993 6872 8889 6813 2019 3983 9430 8860 381 307 7403 8881 8531 6583 4450 9563 7261 6626 9969
32 5500 6488 3501 1100 7442 4716 7286 9540 8463 8914 3018 1259 4140 1867 4002 5411 3941 8926 8982 812 4595 1273 4220 1041 4324 5011 1443 7601 7770 7677 6947 2783
29 2417 8073 3919 5117 3332 9394 6971 9178 4833 4168 8832 527 2314 7532 4551 6365 5394 8116 3007 3485 3969 9843 2421 4468 8363 6921 8105 2786 2661
29 8709 7511 498 170 6973 4144 5654 7719 800 670 9548 4100 5451 5993 1726 8688 2945 2173 5733 2580 9102 284 2079 3838 5173 378 3305 6732 7936
27 5062 5837 7494 4808 2042 3907 3186 9485 3904 8441 3234 9562 8616 3705 585 2315 3319 1216 6568 7182 5558 8393 1786 4384 9383 9860 3818
29 1641 1348 7581 9384 571 5525 2429 745 8460 9798 7743 8623 4873 7949 4603 522 6706 3814 4534 4133 2277 8557 1857 6838 1937 7804 825 3531 6627
29 8551 6683 8797 9984 7986 9097 5901 2908 9619 5074 833 2826 2877 9287 7702 1535 8837 3088 772 6803 1384 3053 2284 6040 2478 7223 3218 561 7153
27 4077 6897 1437 7922 676 7957 703 4350 5887 1477 5297 3286 6552 7025 4120 5519 9893 6343 1823 4854 1722 315 7376 4407 7968 3540 3517
28 7324 4166 4803 1152 9719 6643 7751 2303 1676 5192 5000 6763 4583 4761 5268 6977 5154 9070 3638 6555 4709 520 9945 2383 892 9422 3769 6787
26 4398 3240 5388 5206 8324 1080 3347 1998 7561 6523 6263 9815 2120 6646 8422 3672 7733 2488 1043 2023 5626 9331 464 4762 2901 7649
32 666 1130 5209 9785 4186 1239 1276 4096 1151 3195 9660 8894 9908 1742 2724 6945 1719 4845 9426 4162 7350 7646 1463 4445 7498 4961 2712 1105 6633 9296 8898 3107
31 3511 8740 968 3291 1016 9721 33 9437 2892 3813 9575 5395 9739 7288 6544 3747 2527 999 8029 3824 1955 4429 9574 9305 1328 2177 399 4271 796 3381 8265
28 3815 1191 1140 1417 7116 4983 8176 3619 5760 5700 257 4153 223 8512 9261 9091 5971 6861 3068 9611 19 3178 8485 1209 8750 6496 2386 6055
30 6603 8543 6363 5460 5949 9537 8093 3420 1810 3487 1349 560 6460 55 2413 6742 5775 8975 3293 3615 6247 4675 783 889 7107 7729 8298 7608 6537 6614
27 2182 3899 6032 5020 3731 3205 8423 871 9529 7000 8721 8115 1452 895 802 1272 2110 5340 9230 2641 2377 6465 7125 480 5698 5991 4171
33 4760 8184 1196 1862 9804 906 4195 1515 7022 5670 7317 3185 1317 546 4892 2998 5808 9177 917 4525 1351 7578 3822 6682 9341 8428 8706 6076 1404 6184 4354 3285 7688
26 445 2765 7918 8890 3536 7572 2748 9762 4325 7401 6574 1915 2720 7589 1046 1783 834 9676 875 5754 6391 2619 8965 3354 2273 2528
27 7828 4447 5898 8949 2430 7974 4313 6686 6295 3865 3262 3603 5292 3502 8338 3437 7626 7141 4405 658 4253 708 3424 5391 8959 4097 3436
29 3236 7297 3701 4535 8193 3755 2096 3905 5277 3144 569 1320 9279 8348 5443 9570 7737 1781 6760 5078 1755 1982 5225 1728 3196 9030 6737 5562 7417
28 9282 7984 3051 9636 7603 4788 4975 3513 4444 893 4130 636 5840 2800 3495 6384 4310 755 608 5620 3864 8742 2376 4531 6447 120 6561 9418
29 9925 7216 8134 2971 4622 289 1095 7065 3130 9363 1309 642 3839 3759 6591 2251 112 803 1073 1649 6913 6254 2065 4571 5805 1022 3202 3334 8385
25 4473 3860 7173 5387 6516 2801 8365 3745 9289 5403 1023 1044 3981 512 7836 650 6505 7067 3032 5234 2964 4984 8895 1697 6405
31 5798 5801 534 6640 6655 3932 3050 5058 1245 2489 8840 5474 3280 1564 2857 3819 2615 9673 6334 8082 9779 2650 8021 885 7501 8323 344 2088 4683 6587 519
27 9215 3181 5740 1024 629 5499 6369 9725 8458 5068 9976 5964 5890 3303 831 4177 6170 536 7563 5271 8101 5300 737 1967 7174 3957 4605
29 6669 3361 7496 8625 6234 931 8575 3541 4524 2142 1519 3742 1215 1829 9996 9323 1645 4475 1379 742 3564 4242 6209 3510 1396 3451 6404 1350 3570
25 2993 6152 8120 4834 1994 4828 901 7374 9247 8855 2944 2540 758 6807 8587 9511 6468 6070 6316 149 253 4352 1739 9481 6491
27 7995 1805 7449 9836 4408 2138 91 2158 8904 8150 6210 7554 4410 3441 7307 7700 618 2246 9226 6645 4849 2856 2405 581 5276 3472 4361
26 6845 3827 7871 9732 1745 9139 8072 2622 8532 1326 8760 4435 3721 4343 6175 8295 3184 2988 1582 7716 9715 7998 8043 4841 9100 6730
27 1472 688 7569 2858 6102 7383 5144 4514 6267 8249 3398 70 7706 5869 8255 604 955 9262 4763 827 7204 3165 4012 1470 497 8092 2623
26 9155 3856 3027 8282 9640 473 2680 4483 9067 3515 7056 782 210 6451 2658 7591 8113 7547 4245 3572 7754 8777 2505 9991 9607 7690
28 3256 4878 1956 747 5298 7668 7526 7748 1193 1256 7753 9218 1418 5606 9595 5790 9525 9266 9432 9834 366 8157 8302 5795 9045 1313 518 9255
29 3145 1415 7689 9378 653 8958 1735 3770 7024 6690 2040 387 5367 7290 1866 2224 8843 6725 9085 5469 7530 4296 2491 2422 3959 4552 1136 537 1921
27 993 4397 7115 8745 4966 229 8884 4530 1009 9851 7651 8677 9116 5063 1885 7853 4549 6768 9896 5572 3617 9114 9789 8770 491 2969 3870
31 9340 1599 6729 563 9454 171 610 4387 3711 1693 5951 584 6206 6174 1830 3370 7622 299 4654 8199 6199 5722 1208 267 3154 6077 8994 2523 3468 3188 2518
28 558 4236 8566 1059 1985 4104 9055 9848 2403 8309 3379 3273 334 1147 7623 6048 471 6853 3566 7599 6047 9379 1277 4884 1958 2514 624 7460
26 2452 612 3972 2933 2085 6822 8417 9315 435 4953 3340 5749 2474 5497 5330 7924 9419 4389 2997 5111 5250 2109 9962 5285 1928 4915
26 671 474 3119 6151 4239 9559 4123 4486 4356 619 6856 8008 8939 568 6119 5539 5003 1910 7956 3691 4463 9813 4615 6052 3008 1508
30 4661 6021 5149 9522 130 6113 7381 3114 5376 6550 8723 5189 161 2382 9135 9800 6398 5646 7673 3602 1710 6967 3751 4528 5358 9620 7094 3057 8268 9478
29 4616 9417 8850 7026 6681 6262 2057 5138 5177 5146 1301 9690 7243 1799 1262 2666 984 3067 8370 5631 4719 7095 4308 9377 7457 5711 4735 5216 9784
32 2636 8730 5865 9123 3411 9165 8865 6395 3544 9973 4281 3846 4835 249 376 2369 4676 5248 4596 6417 8054 104 3739 3023 6317 5812 427 2907 7474 265 3748 3399
26 7822 523 9951 2003 1260 238 1904 4758 1797 1435 3955 6367 7663 7919 7493 2300 5056 9156 3550 4198 5902 823 121 3653 8941 8009
27 395 8339 2195 4587 3703 630 6978 5502 8689 4443 8659 2416 5073 3920 6111 7221 7410 5931 4668 8430 6548 7734 3940 9613 4827 5779 7492
29 8407 3482 479 8204 6379 2673 8488 2477 4158 5904 9173 6693 8666 9367 3684 183 5958 7813 4911 3549 5625 1251 3725 5025 9101 4490 3816 3062 4789
27 9872 2550 6347 9251 1758 5210 2868 9781 6711 6252 9618 4748 48 4883 9734 2407 1231 4499 7507 6372 9541 160 7048 9025 556 4063 470
30 6190 9887 2874 3322 7249 5610 7347 720 6276 1218 868 7824 9809 4430 6684 1135 8597 7898 4645 9626 9518 348 7211 8280 3655 9082 2627 9765 1727 9837
28 2823 2091 6796 7331 6237 7773 1138 2531 1127 7835 2928 4379 5854 3753 8168 8139 4860 5605 4206 5656 9744 7452 2160 1686 2537 7631 7697 5674
30 5552 5233 227 8118 9382 1025 1165 3335 3427 3675 9254 1011 9089 933 9249 7308 4288 1054 1887 8291 1400 5194 2787 9369 3712 6335 6828 3607 2349 9163
28 1753 5889 7421 7230 2664 7203 2637 2136 1730 3508 2188 3124 8390 6006 4148 2753 5531 3754 3222 5602 4203 4816 8411 732 3943 6932 5432 1268
27 6638 9850 276 1614 4391 1093 956 3647 1039 8131 3863 2397 9628 6082 9118 1517 9823 8804 3945 165 329 142 4121 9886 9347 1473 5470
29 8595 5383 1734 4318 3410 979 8756 5916 2679 2960 8668 1899 2080 2967 4471 2278 4054 7510 4853 6064 7535 5264 7902 3841 6713 9041 617 7194 8799
30 2652 1595 3302 3953 6556 4858 662 3912 3254 1792 2867 4316 3686 4045 9002 5577 6905 2333 2602 3445 5203 8326 4267 9221 3661 8846 4580 8024 1345 9527
28 3233 4260 9248 6890 5997 9967 4309 5759 4003 135 3035 9704 3456 2500 700 2888 3376 7585 8300 8524 2764 8427 7360 9034 3988 3101 3038 5255
31 3902 724 5557 9747 16 3139 6016 2782 2794 8642 8122 741 5847 909 4368 5943 3073 386 1623 5043 774 176 6107 5452 4979 5615 717 4682 5712 2215 4747
26 601 8183 4994 7020 9974 8500 3604 5312 9737 3110 310 4749 7058 4669 6323 4453 7710 5267 3397 8888 5665 6832 2942 5717 3555 4087
27 8315 4632 598 952 4304 3804 8897 7960 1802 8123 7847 4401 8967 8337 198 1358 4139 2484 6695 761 9519 1570 8823 7746 205 9786 1911
27 9742 9727 1531 2 9115 8266 8564 6359 8641 790 1002 2076 4930 3382 8341 5730 7437 1471 1970 3217 6805 4210 6887 4042 4981 5736 6121
28 9284 6980 8399 3339 9128 2186 7980 8006 4395 243 4396 413 8047 2184 412 5230 6837 2425 9706 4894 9265 3002 2618 843 6442 4923 2267 3143
26 9211 9692 6857 4717 9268 1588 7406 3326 5911 8988 3228 76 4511 7696 1453 193 5081 4035 1619 9578 6517 6478 1266 1601 9869 8180
29 8090 8896 9361 9699 4529 15 3272 4880 4031 5601 4720 8231 7620 9923 1070 5095 1057 1654 4299 2596 5338 4234 4810 8763 2269 5569 6881 5551 4539
30 7609 3258 2512 2640 5333 9790 2840 9583 4145 7135 4178 9793 8755 9501 5048 7035 4488 5594 7881 5495 3255 3768 9479 5155 7342 509 1486 3962 2431 124
31 1466 8299 7030 6046 2141 4887 7412 134 1932 8389 2001 2320 9812 4212 8686 2645 1706 3343 9469 3891 7208 9516 2932 8676 4485 9881 105 6169 6755 2561 9138
25 8724 9157 7011 3064 3702 397 466 550 8258 6318 8189 3003 7556 2714 2200 4812 5061 5165 9062 9193 7517 31 1801 6650 592
28 5354 4797 5914 3811 6504 167 6979 5168 8476 3402 1163 2276 1467 1249 4230 8051 1088 180 2473 9512 8809 6579 1583 6761 6311 5257 1868 5107
30 6891 1824 2795 8919 2906 5448 2519 1996 7393 9451 290 972 3490 1920 4074 2220 6611 8196 8563 401 9048 9859 5589 9181 9032 4688 5032 6823 6133 9770
26 5262 5984 6231 9816 2775 319 9084 6084 4857 5304 3356 2235 5132 5786 3512 8429 2827 3935 3593 4848 3135 1815 8830 7801 2804 1993
29 9858 8504 7251 6961 4152 208 1592 484 2846 1189 4460 5412 1436 3893 4098 5067 7385 4164 4404 7582 2081 3861 8433 6053 9148 5734 2400 6235 4821
29 7735 2156 1062 1014 9190 2053 2391 8581 9149 360 3392 7432 1303 3730 4925 5379 2283 5590 5688 8304 4987 2750 668 7339 5016 1428 6776 4965 1397
29 3611 5049 7358 3264 1053 35 7513 2983 5802 3637 4440 2066 7509 3271 4756 2231 762 1931 8198 9142 5544 3990 1086 6782 6833 5256 1027 6647 4576
31 9890 2711 2583 2263 7798 5658 5726 1203 3803 9491 1310 9919 7334 8507 8185 7844 6166 2593 5252 6526 5288 7874 7819 9318 1527 6688 3930 1385 2067 4135 6088
27 9328 3833 4769 5940 7723 8933 5390 4900 9376 9281 8857 2842 9672 234 2034 7932 840 326 6020 8612 7945 9225 3729 1181 7852 4235 7887
28 1764 9498 7031 5511 2037 6000 7607 2744 5772 4521 1007 1419 6648 5219 6749 9196 7758 9077 8491 4372 6285 3509 2443 5101 8522 860 2306 7854
27 8267 626 1113 3987 3417 6634 6361 6230 9835 9332 1935 9068 628 1461 7013 5541 3125 6336 5431 495 5807 2190 8576 3045 4680 7850 2217
27 5370 5608 108 5895 443 2018 4315 739 1248 3986 3548 5290 6298 8149 6426 318 2245 2700 4301 433 7451 9569 3478 9766 2329 9650 9192
27 7901 2563 839 8781 6351 8418 7379 6296 1683 2891 7001 2010 9729 7912 5331 3539 1180 5814 7461 8648 4631 616 2999 3719 7921 4418 9577
28 7256 8039 5008 5077 434 2701 1055 9406 980 8974 878 2370 1261 559 4125 1640 1563 1569 3206 8010 9198 3426 3752 6784 2881 4586 3554 5921
29 8453 4581 8934 3867 338 5683 8111 9533 9854 8603 7409 2011 911 331 7388 1401 2671 4340 4496 7210 1190 6333 7269 3070 485 8749 2789 3403 8395
34 4801 1660 9288 4568 1139 9385 3582 404 1217 5079 6747 4630 358 1986 4383 6178 9464 2981 8780 1456 4406 9709 8537 438 9656 5933 7465 1500 5039 9020 730 8596 9782 4347
